This is pdfTeX, Version 3.14159265-2.6-1.40.19 (MiKTeX 2.9.6700 64-bit) (preloaded format=pdflatex 2018.5.13)  18 SEP 2018 11:52
entering extended mode
**./master_file_artifactRejectionOnly.tex
(master_file_artifactRejectionOnly.tex
LaTeX2e <2018-04-01> patch level 4
Babel <3.20> and hyphenation patterns for 75 language(s) loaded.
(uwthesis.cls
Document Class: uwthesis 2015/03/03
\tf@not=\write3
("C:\Program Files\MiKTeX 2.9\tex\latex\base\book.cls"
Document Class: book 2014/09/29 v1.4h Standard LaTeX document class
("C:\Program Files\MiKTeX 2.9\tex\latex\base\bk12.clo"
File: bk12.clo 2014/09/29 v1.4h Standard LaTeX file (size option)
)
\c@part=\count80
\c@chapter=\count81
\c@section=\count82
\c@subsection=\count83
\c@subsubsection=\count84
\c@paragraph=\count85
\c@subparagraph=\count86
\c@figure=\count87
\c@table=\count88
\abovecaptionskip=\skip41
\belowcaptionskip=\skip42
\bibindent=\dimen102
)
Formatting for ProQuest
\botmargin=\dimen103
\@@wholepage=\box26
\@Chair=\count89
\@Sign=\count90
\abs@savebox=\box27
) ("C:\Program Files\MiKTeX 2.9\tex\latex\cite\cite.sty"
LaTeX Info: Redefining \cite on input line 302.
LaTeX Info: Redefining \nocite on input line 332.
Package: cite 2015/02/27  v 5.5
)
("C:\Program Files\MiKTeX 2.9\tex\latex\booktabs\booktabs.sty"
Package: booktabs 2005/04/14 v1.61803 publication quality tables
\heavyrulewidth=\dimen104
\lightrulewidth=\dimen105
\cmidrulewidth=\dimen106
\belowrulesep=\dimen107
\belowbottomsep=\dimen108
\aboverulesep=\dimen109
\abovetopsep=\dimen110
\cmidrulesep=\dimen111
\cmidrulekern=\dimen112
\defaultaddspace=\dimen113
\@cmidla=\count91
\@cmidlb=\count92
\@aboverulesep=\dimen114
\@belowrulesep=\dimen115
\@thisruleclass=\count93
\@lastruleclass=\count94
\@thisrulewidth=\dimen116
)
("C:\Program Files\MiKTeX 2.9\tex\latex\graphics\graphicx.sty"
Package: graphicx 2017/06/01 v1.1a Enhanced LaTeX Graphics (DPC,SPQR)

("C:\Program Files\MiKTeX 2.9\tex\latex\graphics\keyval.sty"
Package: keyval 2014/10/28 v1.15 key=value parser (DPC)
\KV@toks@=\toks14
)
("C:\Program Files\MiKTeX 2.9\tex\latex\graphics\graphics.sty"
Package: graphics 2017/06/25 v1.2c Standard LaTeX Graphics (DPC,SPQR)

("C:\Program Files\MiKTeX 2.9\tex\latex\graphics\trig.sty"
Package: trig 2016/01/03 v1.10 sin cos tan (DPC)
)
("C:\Program Files\MiKTeX 2.9\tex\latex\graphics-cfg\graphics.cfg"
File: graphics.cfg 2016/06/04 v1.11 sample graphics configuration
)
Package graphics Info: Driver file: pdftex.def on input line 99.

("C:\Program Files\MiKTeX 2.9\tex\latex\graphics-def\pdftex.def"
File: pdftex.def 2018/01/08 v1.0l Graphics/color driver for pdftex
))
\Gin@req@height=\dimen117
\Gin@req@width=\dimen118
)
("C:\Program Files\MiKTeX 2.9\tex\latex\tools\tabularx.sty"
Package: tabularx 2016/02/03 v2.11b `tabularx' package (DPC)

("C:\Program Files\MiKTeX 2.9\tex\latex\tools\array.sty"
Package: array 2018/04/30 v2.4h Tabular extension package (FMi)
\col@sep=\dimen119
\ar@mcellbox=\box28
\extrarowheight=\dimen120
\NC@list=\toks15
\extratabsurround=\skip43
\backup@length=\skip44
\ar@cellbox=\box29
)
\TX@col@width=\dimen121
\TX@old@table=\dimen122
\TX@old@col=\dimen123
\TX@target=\dimen124
\TX@delta=\dimen125
\TX@cols=\count95
\TX@ftn=\toks16
)
("C:\Program Files\MiKTeX 2.9\tex\latex\hyperref\nameref.sty"
Package: nameref 2016/05/21 v2.44 Cross-referencing by name of section

("C:\Program Files\MiKTeX 2.9\tex\latex\oberdiek\refcount.sty"
Package: refcount 2016/05/16 v3.5 Data extraction from label references (HO)

("C:\Program Files\MiKTeX 2.9\tex\generic\oberdiek\ltxcmds.sty"
Package: ltxcmds 2016/05/16 v1.23 LaTeX kernel commands for general use (HO)
)
("C:\Program Files\MiKTeX 2.9\tex\generic\oberdiek\infwarerr.sty"
Package: infwarerr 2016/05/16 v1.4 Providing info/warning/error messages (HO)
))
("C:\Program Files\MiKTeX 2.9\tex\generic\oberdiek\gettitlestring.sty"
Package: gettitlestring 2016/05/16 v1.5 Cleanup title references (HO)

("C:\Program Files\MiKTeX 2.9\tex\latex\oberdiek\kvoptions.sty"
Package: kvoptions 2016/05/16 v3.12 Key value format for package options (HO)

("C:\Program Files\MiKTeX 2.9\tex\generic\oberdiek\kvsetkeys.sty"
Package: kvsetkeys 2016/05/16 v1.17 Key value parser (HO)

("C:\Program Files\MiKTeX 2.9\tex\generic\oberdiek\etexcmds.sty"
Package: etexcmds 2016/05/16 v1.6 Avoid name clashes with e-TeX commands (HO)

("C:\Program Files\MiKTeX 2.9\tex\generic\oberdiek\ifluatex.sty"
Package: ifluatex 2016/05/16 v1.4 Provides the ifluatex switch (HO)
Package ifluatex Info: LuaTeX not detected.
)
Package etexcmds Info: Could not find \expanded.
(etexcmds)             That can mean that you are not using pdfTeX 1.50 or
(etexcmds)             that some package has redefined \expanded.
(etexcmds)             In the latter case, load this package earlier.
))))
\c@section@level=\count96
LaTeX Info: Redefining \ref on input line 355.
LaTeX Info: Redefining \pageref on input line 355.
)
("C:\Program Files\MiKTeX 2.9\tex\latex\url\url.sty"
\Urlmuskip=\muskip10
Package: url 2013/09/16  ver 3.4  Verb mode for urls, etc.
)
("C:\Program Files\MiKTeX 2.9\tex\latex\amsfonts\amsfonts.sty"
Package: amsfonts 2013/01/14 v3.01 Basic AMSFonts support
\@emptytoks=\toks17
\symAMSa=\mathgroup4
\symAMSb=\mathgroup5
LaTeX Font Info:    Overwriting math alphabet `\mathfrak' in version `bold'
(Font)                  U/euf/m/n --> U/euf/b/n on input line 106.
)
("C:\Program Files\MiKTeX 2.9\tex\latex\units\nicefrac.sty"
Package: nicefrac 1998/08/04 v0.9b Nice fractions
\L@UnitsRaiseDisplaystyle=\skip45
\L@UnitsRaiseTextstyle=\skip46
\L@UnitsRaiseScriptstyle=\skip47

("C:\Program Files\MiKTeX 2.9\tex\latex\base\ifthen.sty"
Package: ifthen 2014/09/29 v1.1c Standard LaTeX ifthen package (DPC)
))
("C:\Program Files\MiKTeX 2.9\tex\latex\amsmath\amsmath.sty"
Package: amsmath 2017/09/02 v2.17a AMS math features
\@mathmargin=\skip48

For additional information on amsmath, use the `?' option.
("C:\Program Files\MiKTeX 2.9\tex\latex\amsmath\amstext.sty"
Package: amstext 2000/06/29 v2.01 AMS text

("C:\Program Files\MiKTeX 2.9\tex\latex\amsmath\amsgen.sty"
File: amsgen.sty 1999/11/30 v2.0 generic functions
\@emptytoks=\toks18
\ex@=\dimen126
))
("C:\Program Files\MiKTeX 2.9\tex\latex\amsmath\amsbsy.sty"
Package: amsbsy 1999/11/29 v1.2d Bold Symbols
\pmbraise@=\dimen127
)
("C:\Program Files\MiKTeX 2.9\tex\latex\amsmath\amsopn.sty"
Package: amsopn 2016/03/08 v2.02 operator names
)
\inf@bad=\count97
LaTeX Info: Redefining \frac on input line 213.
\uproot@=\count98
\leftroot@=\count99
LaTeX Info: Redefining \overline on input line 375.
\classnum@=\count100
\DOTSCASE@=\count101
LaTeX Info: Redefining \ldots on input line 472.
LaTeX Info: Redefining \dots on input line 475.
LaTeX Info: Redefining \cdots on input line 596.
\Mathstrutbox@=\box30
\strutbox@=\box31
\big@size=\dimen128
LaTeX Font Info:    Redeclaring font encoding OML on input line 712.
LaTeX Font Info:    Redeclaring font encoding OMS on input line 713.
\macc@depth=\count102
\c@MaxMatrixCols=\count103
\dotsspace@=\muskip11
\c@parentequation=\count104
\dspbrk@lvl=\count105
\tag@help=\toks19
\row@=\count106
\column@=\count107
\maxfields@=\count108
\andhelp@=\toks20
\eqnshift@=\dimen129
\alignsep@=\dimen130
\tagshift@=\dimen131
\tagwidth@=\dimen132
\totwidth@=\dimen133
\lineht@=\dimen134
\@envbody=\toks21
\multlinegap=\skip49
\multlinetaggap=\skip50
\mathdisplay@stack=\toks22
LaTeX Info: Redefining \[ on input line 2817.
LaTeX Info: Redefining \] on input line 2818.
)
("C:\Program Files\MiKTeX 2.9\tex\latex\amscls\amsthm.sty"
Package: amsthm 2017/10/31 v2.20.4
\thm@style=\toks23
\thm@bodyfont=\toks24
\thm@headfont=\toks25
\thm@notefont=\toks26
\thm@headpunct=\toks27
\thm@preskip=\skip51
\thm@postskip=\skip52
\thm@headsep=\skip53
\dth@everypar=\toks28
)
("C:\Program Files\MiKTeX 2.9\tex\latex\amsfonts\amssymb.sty"
Package: amssymb 2013/01/14 v3.01 AMS font symbols
)
(master_file_artifactRejectionOnly.aux (artifactRejection.aux)
(neuralDynamics.aux) (concurrentStim.aux))
\openout1 = `master_file_artifactRejectionOnly.aux'.

LaTeX Font Info:    Checking defaults for OML/cmm/m/it on input line 17.
LaTeX Font Info:    ... okay on input line 17.
LaTeX Font Info:    Checking defaults for T1/cmr/m/n on input line 17.
LaTeX Font Info:    ... okay on input line 17.
LaTeX Font Info:    Checking defaults for OT1/cmr/m/n on input line 17.
LaTeX Font Info:    ... okay on input line 17.
LaTeX Font Info:    Checking defaults for OMS/cmsy/m/n on input line 17.
LaTeX Font Info:    ... okay on input line 17.
LaTeX Font Info:    Checking defaults for OMX/cmex/m/n on input line 17.
LaTeX Font Info:    ... okay on input line 17.
LaTeX Font Info:    Checking defaults for U/cmr/m/n on input line 17.
LaTeX Font Info:    ... okay on input line 17.

("C:\Program Files\MiKTeX 2.9\tex\context\base\supp-pdf.mkii"
[Loading MPS to PDF converter (version 2006.09.02).]
\scratchcounter=\count109
\scratchdimen=\dimen135
\scratchbox=\box32
\nofMPsegments=\count110
\nofMParguments=\count111
\everyMPshowfont=\toks29
\MPscratchCnt=\count112
\MPscratchDim=\dimen136
\MPnumerator=\count113
\makeMPintoPDFobject=\count114
\everyMPtoPDFconversion=\toks30
) ("C:\Program Files\MiKTeX 2.9\tex\latex\oberdiek\epstopdf-base.sty"
Package: epstopdf-base 2016/05/15 v2.6 Base part for package epstopdf

("C:\Program Files\MiKTeX 2.9\tex\latex\oberdiek\grfext.sty"
Package: grfext 2016/05/16 v1.2 Manage graphics extensions (HO)

("C:\Program Files\MiKTeX 2.9\tex\generic\oberdiek\kvdefinekeys.sty"
Package: kvdefinekeys 2016/05/16 v1.4 Define keys (HO)
))
("C:\Program Files\MiKTeX 2.9\tex\generic\oberdiek\pdftexcmds.sty"
Package: pdftexcmds 2018/01/30 v0.27 Utility functions of pdfTeX for LuaTeX (HO
)

("C:\Program Files\MiKTeX 2.9\tex\generic\oberdiek\ifpdf.sty"
Package: ifpdf 2017/03/15 v3.2 Provides the ifpdf switch
)
Package pdftexcmds Info: LuaTeX not detected.
Package pdftexcmds Info: \pdf@primitive is available.
Package pdftexcmds Info: \pdf@ifprimitive is available.
Package pdftexcmds Info: \pdfdraftmode found.
)
Package epstopdf-base Info: Redefining graphics rule for `.eps' on input line 4
38.
Package grfext Info: Graphics extension search list:
(grfext)             [.pdf,.png,.jpg,.mps,.jpeg,.jbig2,.jb2,.PDF,.PNG,.JPG,.JPE
G,.JBIG2,.JB2,.eps]
(grfext)             \AppendGraphicsExtensions on input line 456.
)
\openout2 = `artifactRejection.aux'.


(artifactRejection.tex
<<1>>
[1{C:/Users/djcald.CSENETID/AppData/Local/MiKTeX/2.9/pdftex/config/pdftex.map}





] [2]
<figures/artifactRejection/examp_trial_pchip_on_off.png, id=11, 1225.57875pt x 
670.00313pt>
File: figures/artifactRejection/examp_trial_pchip_on_off.png Graphic file (type
 png)
<use figures/artifactRejection/examp_trial_pchip_on_off.png>
Package pdftex.def Info: figures/artifactRejection/examp_trial_pchip_on_off.png
  used on input line 33.
(pdftex.def)             Requested size: 376.23743pt x 205.68481pt.
 [3]
<figures/artifactRejection/templateClusters_33_dictMethod.png, id=15, 1228.59pt
 x 752.8125pt>
File: figures/artifactRejection/templateClusters_33_dictMethod.png Graphic file
 (type png)
<use figures/artifactRejection/templateClusters_33_dictMethod.png>
Package pdftex.def Info: figures/artifactRejection/templateClusters_33_dictMeth
od.png  used on input line 45.
(pdftex.def)             Requested size: 376.23743pt x 230.53218pt.
<figures/artifactRejection/693ffd_400ms_schematic.png, id=16, 529.2573pt x 520.
344pt>
File: figures/artifactRejection/693ffd_400ms_schematic.png Graphic file (type p
ng)
<use figures/artifactRejection/693ffd_400ms_schematic.png>
Package pdftex.def Info: figures/artifactRejection/693ffd_400ms_schematic.png  
used on input line 56.
(pdftex.def)             Requested size: 282.17986pt x 277.42453pt.
<figures/artifactRejection/a1355e_priming_schematic.png, id=18, 886.0302pt x 42
2.0568pt>
File: figures/artifactRejection/a1355e_priming_schematic.png Graphic file (type
 png)
<use figures/artifactRejection/a1355e_priming_schematic.png>
Package pdftex.def Info: figures/artifactRejection/a1355e_priming_schematic.png
  used on input line 64.
(pdftex.def)             Requested size: 470.295pt x 224.02391pt.
 [4 <./figures/artifactRejection/examp_trial_pchip_on_off.png (PNG copy)>]
LaTeX Font Info:    Try loading font information for U+msa on input line 74.
 ("C:\Program Files\MiKTeX 2.9\tex\latex\amsfonts\umsa.fd"
File: umsa.fd 2013/01/14 v3.01 AMS symbols A
)
LaTeX Font Info:    Try loading font information for U+msb on input line 74.

("C:\Program Files\MiKTeX 2.9\tex\latex\amsfonts\umsb.fd"
File: umsb.fd 2013/01/14 v3.01 AMS symbols B
) [5 <./figures/artifactRejection/templateClusters_33_dictMethod.png (PNG copy)
>]
Underfull \vbox (badness 1558) has occurred while \output is active []

 [6 <./figures/artifactRejection/693ffd_400ms_schematic.png>]
Underfull \vbox (badness 1609) has occurred while \output is active []

 [7 <./figures/artifactRejection/a1355e_priming_schematic.png>]
Overfull \hbox (72.9842pt too wide) in paragraph at lines 90--91
\OT1/cmr/m/n/12 Full MAT-LAB code and data sets are avail-able at https://githu
b.com/davidjuliancaldwell/artifactRejection 
 []

) [8]
\openout2 = `neuralDynamics.aux'.

 (neuralDynamics.tex
<<2>>

Underfull \vbox (badness 1248) has occurred while \output is active []

 [9



]
<figures/waveformMod/primingSchematic.png, id=41, 1438.6548pt x 494.5677pt>
File: figures/waveformMod/primingSchematic.png Graphic file (type png)
<use figures/waveformMod/primingSchematic.png>
Package pdftex.def Info: figures/waveformMod/primingSchematic.png  used on inpu
t line 27.
(pdftex.def)             Requested size: 470.295pt x 161.6759pt.

[10] [11 <./figures/waveformMod/primingSchematic.png>]
<figures/neuralDynamics/693ffd_timeFreq_compare.png, id=49, 1053.4557pt x 749.4
399pt>
File: figures/neuralDynamics/693ffd_timeFreq_compare.png Graphic file (type png
)
<use figures/neuralDynamics/693ffd_timeFreq_compare.png>
Package pdftex.def Info: figures/neuralDynamics/693ffd_timeFreq_compare.png  us
ed on input line 42.
(pdftex.def)             Requested size: 470.295pt x 334.56892pt.
<figures/neuralDynamics/693ffd_timeFreq_compare_wavelet.png, id=50, 1025.5113pt
 x 780.516pt>
File: figures/neuralDynamics/693ffd_timeFreq_compare_wavelet.png Graphic file (
type png)
<use figures/neuralDynamics/693ffd_timeFreq_compare_wavelet.png>
Package pdftex.def Info: figures/neuralDynamics/693ffd_timeFreq_compare_wavelet
.png  used on input line 49.
(pdftex.def)             Requested size: 470.295pt x 357.93411pt.
 [12 <./figures/neuralDynamics/693ffd_timeFreq_compare.png>]
<figures/waveformMod/a1355e_priming_RT.png, id=55, 355.5684pt x 356.89336pt>
File: figures/waveformMod/a1355e_priming_RT.png Graphic file (type png)
<use figures/waveformMod/a1355e_priming_RT.png>
Package pdftex.def Info: figures/waveformMod/a1355e_priming_RT.png  used on inp
ut line 60.
(pdftex.def)             Requested size: 188.11513pt x 188.81494pt.
<figures/waveformMod/3ada8b_priming_RT.png, id=56, 1150.5384pt x 305.943pt>
File: figures/waveformMod/3ada8b_priming_RT.png Graphic file (type png)
<use figures/waveformMod/3ada8b_priming_RT.png>
Package pdftex.def Info: figures/waveformMod/3ada8b_priming_RT.png  used on inp
ut line 69.
(pdftex.def)             Requested size: 470.295pt x 125.05463pt.
<figures/neuralDynamics/primingNeural_data_a1355e_timSeries.png, id=57, 1373.85
27pt x 685.1196pt>
File: figures/neuralDynamics/primingNeural_data_a1355e_timSeries.png Graphic fi
le (type png)
<use figures/neuralDynamics/primingNeural_data_a1355e_timSeries.png>
Package pdftex.def Info: figures/neuralDynamics/primingNeural_data_a1355e_timSe
ries.png  used on input line 78.
(pdftex.def)             Requested size: 470.295pt x 234.5266pt.
 [13]) [14] [15 <./figures/neuralDynamics/693ffd_timeFreq_compare_wavelet.png>]
 [16 <./figures/waveformMod/a1355e_priming_RT.png> <./figures/waveformMod/3ada8
b_priming_RT.png>] [17 <./figures/neuralDynamics/primingNeural_data_a1355e_timS
eries.png>]
\openout2 = `concurrentStim.aux'.

 (concurrentStim.tex
<<3>>

Underfull \vbox (badness 1248) has occurred while \output is active []

 [18



]
<figures/concurrentStim/TOJ_experiment.png, id=81, 1320.8547pt x 712.3413pt>
File: figures/concurrentStim/TOJ_experiment.png Graphic file (type png)
<use figures/concurrentStim/TOJ_experiment.png>
Package pdftex.def Info: figures/concurrentStim/TOJ_experiment.png  used on inp
ut line 22.
(pdftex.def)             Requested size: 470.295pt x 253.62749pt.

Underfull \vbox (badness 10000) has occurred while \output is active []

 [19]
Underfull \vbox (badness 2368) has occurred while \output is active []

 [20 <./figures/concurrentStim/TOJ_experiment.png>]
<figures/concurrentStim/TOJ_a1355e_both_calculatedSame_v2.png, id=90, 1156.32pt
 x 578.16pt>
File: figures/concurrentStim/TOJ_a1355e_both_calculatedSame_v2.png Graphic file
 (type png)
<use figures/concurrentStim/TOJ_a1355e_both_calculatedSame_v2.png>
Package pdftex.def Info: figures/concurrentStim/TOJ_a1355e_both_calculatedSame_
v2.png  used on input line 35.
(pdftex.def)             Requested size: 470.295pt x 235.14157pt.
 [21 <./figures/concurrentStim/TOJ_a1355e_both_calculatedSame_v2.png>]) [22] (m
aster_file_artifactRejectionOnly.bbl
[23


] [24] [25] [26] [27] [28] [29]) [30] (master_file_artifactRejectionOnly.aux (a
rtifactRejection.aux) (neuralDynamics.aux) (concurrentStim.aux)) ) 
Here is how much of TeX's memory you used:
 3322 strings out of 492976
 46134 string characters out of 3135961
 111130 words of memory out of 3000000
 7084 multiletter control sequences out of 15000+200000
 10255 words of font info for 38 fonts, out of 3000000 for 9000
 1141 hyphenation exceptions out of 8191
 42i,5n,25p,1483b,231s stack positions out of 5000i,500n,10000p,200000b,50000s
<C:/Program F
iles/MiKTeX 2.9/fonts/type1/public/amsfonts/cm/cmbx12.pfb><C:/Program Files/MiK
TeX 2.9/fonts/type1/public/amsfonts/cm/cmbxsl10.pfb><C:/Program Files/MiKTeX 2.
9/fonts/type1/public/amsfonts/cm/cmmi12.pfb><C:/Program Files/MiKTeX 2.9/fonts/
type1/public/amsfonts/cm/cmr12.pfb><C:/Program Files/MiKTeX 2.9/fonts/type1/pub
lic/amsfonts/cm/cmti12.pfb>
Output written on master_file_artifactRejectionOnly.pdf (30 pages, 8071696 byte
s).
PDF statistics:
 141 PDF objects out of 1000 (max. 8388607)
 0 named destinations out of 1000 (max. 500000)
 61 words of extra memory for PDF output out of 10000 (max. 10000000)

