This is pdfTeX, Version 3.14159265-2.6-1.40.19 (MiKTeX 2.9.6840 64-bit) (preloaded format=pdflatex 2018.12.4)  28 FEB 2019 14:13
entering extended mode
**./master_file.tex
(master_file.tex
LaTeX2e <2018-04-01> patch level 5
(uwthesis.cls
Document Class: uwthesis 2015/03/03
\tf@not=\write3
("C:\Users\david\AppData\Local\Programs\MiKTeX 2.9\tex\latex\base\book.cls"
Document Class: book 2014/09/29 v1.4h Standard LaTeX document class
("C:\Users\david\AppData\Local\Programs\MiKTeX 2.9\tex\latex\base\bk12.clo"
File: bk12.clo 2014/09/29 v1.4h Standard LaTeX file (size option)
)
\c@part=\count80
\c@chapter=\count81
\c@section=\count82
\c@subsection=\count83
\c@subsubsection=\count84
\c@paragraph=\count85
\c@subparagraph=\count86
\c@figure=\count87
\c@table=\count88
\abovecaptionskip=\skip41
\belowcaptionskip=\skip42
\bibindent=\dimen102
)
Formatting for ProQuest
\botmargin=\dimen103
\@@wholepage=\box26
\@Chair=\count89
\@Sign=\count90
\abs@savebox=\box27
) ("C:\Users\david\AppData\Local\Programs\MiKTeX 2.9\tex\latex\cite\cite.sty"
LaTeX Info: Redefining \cite on input line 302.
LaTeX Info: Redefining \nocite on input line 332.
Package: cite 2015/02/27  v 5.5
)
("C:\Users\david\AppData\Local\Programs\MiKTeX 2.9\tex\latex\booktabs\booktabs.
sty"
Package: booktabs 2005/04/14 v1.61803 publication quality tables
\heavyrulewidth=\dimen104
\lightrulewidth=\dimen105
\cmidrulewidth=\dimen106
\belowrulesep=\dimen107
\belowbottomsep=\dimen108
\aboverulesep=\dimen109
\abovetopsep=\dimen110
\cmidrulesep=\dimen111
\cmidrulekern=\dimen112
\defaultaddspace=\dimen113
\@cmidla=\count91
\@cmidlb=\count92
\@aboverulesep=\dimen114
\@belowrulesep=\dimen115
\@thisruleclass=\count93
\@lastruleclass=\count94
\@thisrulewidth=\dimen116
)
("C:\Users\david\AppData\Local\Programs\MiKTeX 2.9\tex\latex\graphics\graphicx.
sty"
Package: graphicx 2017/06/01 v1.1a Enhanced LaTeX Graphics (DPC,SPQR)

("C:\Users\david\AppData\Local\Programs\MiKTeX 2.9\tex\latex\graphics\keyval.st
y"
Package: keyval 2014/10/28 v1.15 key=value parser (DPC)
\KV@toks@=\toks14
)
("C:\Users\david\AppData\Local\Programs\MiKTeX 2.9\tex\latex\graphics\graphics.
sty"
Package: graphics 2017/06/25 v1.2c Standard LaTeX Graphics (DPC,SPQR)

("C:\Users\david\AppData\Local\Programs\MiKTeX 2.9\tex\latex\graphics\trig.sty"
Package: trig 2016/01/03 v1.10 sin cos tan (DPC)
)
("C:\Users\david\AppData\Local\Programs\MiKTeX 2.9\tex\latex\graphics-cfg\graph
ics.cfg"
File: graphics.cfg 2016/06/04 v1.11 sample graphics configuration
)
Package graphics Info: Driver file: pdftex.def on input line 99.

("C:\Users\david\AppData\Local\Programs\MiKTeX 2.9\tex\latex\graphics-def\pdfte
x.def"
File: pdftex.def 2018/01/08 v1.0l Graphics/color driver for pdftex
))
\Gin@req@height=\dimen117
\Gin@req@width=\dimen118
)
("C:\Users\david\AppData\Local\Programs\MiKTeX 2.9\tex\latex\tools\tabularx.sty
"
Package: tabularx 2016/02/03 v2.11b `tabularx' package (DPC)
 ("C:\Users\david\AppData\Local\Programs\MiKTeX 2.9\tex\latex\tools\array.sty"
Package: array 2018/04/30 v2.4h Tabular extension package (FMi)
\col@sep=\dimen119
\ar@mcellbox=\box28
\extrarowheight=\dimen120
\NC@list=\toks15
\extratabsurround=\skip43
\backup@length=\skip44
\ar@cellbox=\box29
)
\TX@col@width=\dimen121
\TX@old@table=\dimen122
\TX@old@col=\dimen123
\TX@target=\dimen124
\TX@delta=\dimen125
\TX@cols=\count95
\TX@ftn=\toks16
)
("C:\Users\david\AppData\Local\Programs\MiKTeX 2.9\tex\latex\hyperref\nameref.s
ty"
Package: nameref 2016/05/21 v2.44 Cross-referencing by name of section

("C:\Users\david\AppData\Local\Programs\MiKTeX 2.9\tex\latex\oberdiek\refcount.
sty"
Package: refcount 2016/05/16 v3.5 Data extraction from label references (HO)

("C:\Users\david\AppData\Local\Programs\MiKTeX 2.9\tex\generic\oberdiek\ltxcmds
.sty"
Package: ltxcmds 2016/05/16 v1.23 LaTeX kernel commands for general use (HO)
)
("C:\Users\david\AppData\Local\Programs\MiKTeX 2.9\tex\generic\oberdiek\infware
rr.sty"
Package: infwarerr 2016/05/16 v1.4 Providing info/warning/error messages (HO)
))
("C:\Users\david\AppData\Local\Programs\MiKTeX 2.9\tex\generic\oberdiek\gettitl
estring.sty"
Package: gettitlestring 2016/05/16 v1.5 Cleanup title references (HO)

("C:\Users\david\AppData\Local\Programs\MiKTeX 2.9\tex\latex\oberdiek\kvoptions
.sty"
Package: kvoptions 2016/05/16 v3.12 Key value format for package options (HO)

("C:\Users\david\AppData\Local\Programs\MiKTeX 2.9\tex\generic\oberdiek\kvsetke
ys.sty"
Package: kvsetkeys 2016/05/16 v1.17 Key value parser (HO)

("C:\Users\david\AppData\Local\Programs\MiKTeX 2.9\tex\generic\oberdiek\etexcmd
s.sty"
Package: etexcmds 2016/05/16 v1.6 Avoid name clashes with e-TeX commands (HO)

("C:\Users\david\AppData\Local\Programs\MiKTeX 2.9\tex\generic\oberdiek\ifluate
x.sty"
Package: ifluatex 2016/05/16 v1.4 Provides the ifluatex switch (HO)
Package ifluatex Info: LuaTeX not detected.
)
Package etexcmds Info: Could not find \expanded.
(etexcmds)             That can mean that you are not using pdfTeX 1.50 or
(etexcmds)             that some package has redefined \expanded.
(etexcmds)             In the latter case, load this package earlier.
))))
\c@section@level=\count96
LaTeX Info: Redefining \ref on input line 355.
LaTeX Info: Redefining \pageref on input line 355.
)
("C:\Users\david\AppData\Local\Programs\MiKTeX 2.9\tex\latex\url\url.sty"
\Urlmuskip=\muskip10
Package: url 2013/09/16  ver 3.4  Verb mode for urls, etc.
)
("C:\Users\david\AppData\Local\Programs\MiKTeX 2.9\tex\latex\amsfonts\amsfonts.
sty"
Package: amsfonts 2013/01/14 v3.01 Basic AMSFonts support
\@emptytoks=\toks17
\symAMSa=\mathgroup4
\symAMSb=\mathgroup5
LaTeX Font Info:    Overwriting math alphabet `\mathfrak' in version `bold'
(Font)                  U/euf/m/n --> U/euf/b/n on input line 106.
)
("C:\Users\david\AppData\Local\Programs\MiKTeX 2.9\tex\latex\units\nicefrac.sty
"
Package: nicefrac 1998/08/04 v0.9b Nice fractions
\L@UnitsRaiseDisplaystyle=\skip45
\L@UnitsRaiseTextstyle=\skip46
\L@UnitsRaiseScriptstyle=\skip47
 ("C:\Users\david\AppData\Local\Programs\MiKTeX 2.9\tex\latex\base\ifthen.sty"
Package: ifthen 2014/09/29 v1.1c Standard LaTeX ifthen package (DPC)
))
("C:\Users\david\AppData\Local\Programs\MiKTeX 2.9\tex\latex\amsmath\amsmath.st
y"
Package: amsmath 2017/09/02 v2.17a AMS math features
\@mathmargin=\skip48

For additional information on amsmath, use the `?' option.

("C:\Users\david\AppData\Local\Programs\MiKTeX 2.9\tex\latex\amsmath\amstext.st
y"
Package: amstext 2000/06/29 v2.01 AMS text

("C:\Users\david\AppData\Local\Programs\MiKTeX 2.9\tex\latex\amsmath\amsgen.sty
"
File: amsgen.sty 1999/11/30 v2.0 generic functions
\@emptytoks=\toks18
\ex@=\dimen126
))
("C:\Users\david\AppData\Local\Programs\MiKTeX 2.9\tex\latex\amsmath\amsbsy.sty
"
Package: amsbsy 1999/11/29 v1.2d Bold Symbols
\pmbraise@=\dimen127
)
("C:\Users\david\AppData\Local\Programs\MiKTeX 2.9\tex\latex\amsmath\amsopn.sty
"
Package: amsopn 2016/03/08 v2.02 operator names
)
\inf@bad=\count97
LaTeX Info: Redefining \frac on input line 213.
\uproot@=\count98
\leftroot@=\count99
LaTeX Info: Redefining \overline on input line 375.
\classnum@=\count100
\DOTSCASE@=\count101
LaTeX Info: Redefining \ldots on input line 472.
LaTeX Info: Redefining \dots on input line 475.
LaTeX Info: Redefining \cdots on input line 596.
\Mathstrutbox@=\box30
\strutbox@=\box31
\big@size=\dimen128
LaTeX Font Info:    Redeclaring font encoding OML on input line 712.
LaTeX Font Info:    Redeclaring font encoding OMS on input line 713.
\macc@depth=\count102
\c@MaxMatrixCols=\count103
\dotsspace@=\muskip11
\c@parentequation=\count104
\dspbrk@lvl=\count105
\tag@help=\toks19
\row@=\count106
\column@=\count107
\maxfields@=\count108
\andhelp@=\toks20
\eqnshift@=\dimen129
\alignsep@=\dimen130
\tagshift@=\dimen131
\tagwidth@=\dimen132
\totwidth@=\dimen133
\lineht@=\dimen134
\@envbody=\toks21
\multlinegap=\skip49
\multlinetaggap=\skip50
\mathdisplay@stack=\toks22
LaTeX Info: Redefining \[ on input line 2817.
LaTeX Info: Redefining \] on input line 2818.
)
("C:\Users\david\AppData\Local\Programs\MiKTeX 2.9\tex\latex\amscls\amsthm.sty"
Package: amsthm 2017/10/31 v2.20.4
\thm@style=\toks23
\thm@bodyfont=\toks24
\thm@headfont=\toks25
\thm@notefont=\toks26
\thm@headpunct=\toks27
\thm@preskip=\skip51
\thm@postskip=\skip52
\thm@headsep=\skip53
\dth@everypar=\toks28
)
("C:\Users\david\AppData\Local\Programs\MiKTeX 2.9\tex\latex\amsfonts\amssymb.s
ty"
Package: amssymb 2013/01/14 v3.01 AMS font symbols
) (master_file.aux (prelim.aux) (introduction.aux) (generalMethods.aux)
(macroscopicResistivity.aux) (artifactRejection.aux) (responseTimingChap.aux)
(neuralDynamics.aux) (concurrentStim.aux) (betaStimChap.aux) (pairedPulse.aux)
(additionalPubs.aux) (conclusion.aux))
\openout1 = `master_file.aux'.

LaTeX Font Info:    Checking defaults for OML/cmm/m/it on input line 17.
LaTeX Font Info:    ... okay on input line 17.
LaTeX Font Info:    Checking defaults for T1/cmr/m/n on input line 17.
LaTeX Font Info:    ... okay on input line 17.
LaTeX Font Info:    Checking defaults for OT1/cmr/m/n on input line 17.
LaTeX Font Info:    ... okay on input line 17.
LaTeX Font Info:    Checking defaults for OMS/cmsy/m/n on input line 17.
LaTeX Font Info:    ... okay on input line 17.
LaTeX Font Info:    Checking defaults for OMX/cmex/m/n on input line 17.
LaTeX Font Info:    ... okay on input line 17.
LaTeX Font Info:    Checking defaults for U/cmr/m/n on input line 17.
LaTeX Font Info:    ... okay on input line 17.

("C:\Users\david\AppData\Local\Programs\MiKTeX 2.9\tex\context\base\supp-pdf.mk
ii"
[Loading MPS to PDF converter (version 2006.09.02).]
\scratchcounter=\count109
\scratchdimen=\dimen135
\scratchbox=\box32
\nofMPsegments=\count110
\nofMParguments=\count111
\everyMPshowfont=\toks29
\MPscratchCnt=\count112
\MPscratchDim=\dimen136
\MPnumerator=\count113
\makeMPintoPDFobject=\count114
\everyMPtoPDFconversion=\toks30
)
("C:\Users\david\AppData\Local\Programs\MiKTeX 2.9\tex\latex\oberdiek\epstopdf-
base.sty"
Package: epstopdf-base 2016/05/15 v2.6 Base part for package epstopdf

("C:\Users\david\AppData\Local\Programs\MiKTeX 2.9\tex\latex\oberdiek\grfext.st
y"
Package: grfext 2016/05/16 v1.2 Manage graphics extensions (HO)

("C:\Users\david\AppData\Local\Programs\MiKTeX 2.9\tex\generic\oberdiek\kvdefin
ekeys.sty"
Package: kvdefinekeys 2016/05/16 v1.4 Define keys (HO)
))
("C:\Users\david\AppData\Local\Programs\MiKTeX 2.9\tex\generic\oberdiek\pdftexc
mds.sty"
Package: pdftexcmds 2018/09/10 v0.29 Utility functions of pdfTeX for LuaTeX (HO
)

("C:\Users\david\AppData\Local\Programs\MiKTeX 2.9\tex\generic\oberdiek\ifpdf.s
ty"
Package: ifpdf 2018/09/07 v3.3 Provides the ifpdf switch
)
Package pdftexcmds Info: LuaTeX not detected.
Package pdftexcmds Info: \pdf@primitive is available.
Package pdftexcmds Info: \pdf@ifprimitive is available.
Package pdftexcmds Info: \pdfdraftmode found.
)
Package epstopdf-base Info: Redefining graphics rule for `.eps' on input line 4
38.
Package grfext Info: Graphics extension search list:
(grfext)             [.pdf,.png,.jpg,.mps,.jpeg,.jbig2,.jb2,.PDF,.PNG,.JPG,.JPE
G,.JBIG2,.JB2,.eps]
(grfext)             \AppendGraphicsExtensions on input line 456.
)
\openout2 = `prelim.aux'.

 (prelim.tex
LaTeX Font Info:    Try loading font information for OMS+cmr on input line 21.

("C:\Users\david\AppData\Local\Programs\MiKTeX 2.9\tex\latex\base\omscmr.fd"
File: omscmr.fd 2014/09/29 v2.5h Standard LaTeX font definitions
)
LaTeX Font Info:    Font shape `OMS/cmr/m/n' in size <12> not available
(Font)              Font shape `OMS/cmsy/m/n' tried instead on input line 21.

[1


{C:/Users/david/AppData/Local/MiKTeX/2.9/pdftex/config/pdftex.map}] [-1

]
[0

] (master_file.toc
LaTeX Font Info:    Try loading font information for U+msa on input line 1.

("C:\Users\david\AppData\Local\Programs\MiKTeX 2.9\tex\latex\amsfonts\umsa.fd"
File: umsa.fd 2013/01/14 v3.01 AMS symbols A
)
LaTeX Font Info:    Try loading font information for U+msb on input line 1.
("C:\Users\david\AppData\Local\Programs\MiKTeX 2.9\tex\latex\amsfonts\umsb.fd"
File: umsb.fd 2013/01/14 v3.01 AMS symbols B
) [1



] [2] [3])
\tf@toc=\write4
\openout4 = `master_file.toc'.

 [4] (master_file.lof [5

])
\tf@lof=\write5
\openout5 = `master_file.lof'.

 [6] (master_file.lot)
\tf@lot=\write6
\openout6 = `master_file.lot'.

 [7

] [8

] [9]
[10] [11

]) [12

]
\openout2 = `introduction.aux'.

 (introduction.tex
<<1>>

Underfull \vbox (badness 1466) has occurred while \output is active []

 [1





]
[2] [3] [4]
Overfull \hbox (7.00282pt too wide) in paragraph at lines 47--48
[]\OT1/cmr/m/n/12 Stimulation on a lo-cal scale can be achieved through in-tra-
cor-ti-cal mi-cros-tim-u-la-tion (ICMS),
 []

[5]
Underfull \vbox (badness 10000) has occurred while \output is active []

 [6]
[7] [8] [9]
Underfull \vbox (badness 7963) has occurred while \output is active []

 [10]
Package epstopdf Info: Source file: <figures/introduction/closed_loop_ecog.eps>

(epstopdf)                    date: 2019-01-25 12:42:45
(epstopdf)                    size: 1649025 bytes
(epstopdf)             Output file: <figures/introduction/closed_loop_ecog-eps-
converted-to.pdf>
(epstopdf)                    date: 2019-02-18 17:53:06
(epstopdf)                    size: 1438906 bytes
(epstopdf)             Command: <epstopdf --outfile=figures/introduction/closed
_loop_ecog-eps-converted-to.pdf figures/introduction/closed_loop_ecog.eps>
(epstopdf)             \includegraphics on input line 106.
Package epstopdf Info: Output file is already uptodate.


pdfTeX warning: pdflatex.exe (file ./figures/introduction/closed_loop_ecog-eps-
converted-to.pdf): PDF inclusion: found PDF version <1.7>, but at most version 
<1.5> allowed
<figures/introduction/closed_loop_ecog-eps-converted-to.pdf, id=88, 1820.8025pt
 x 1204.5pt>
File: figures/introduction/closed_loop_ecog-eps-converted-to.pdf Graphic file (
type pdf)
<use figures/introduction/closed_loop_ecog-eps-converted-to.pdf>
Package pdftex.def Info: figures/introduction/closed_loop_ecog-eps-converted-to
.pdf  used on input line 106.
(pdftex.def)             Requested size: 376.23743pt x 248.89067pt.

Underfull \vbox (badness 3229) has occurred while \output is active []

 [11]
Underfull \vbox (badness 10000) has occurred while \output is active []

 [12 <./figures/introduction/closed_loop_ecog-eps-converted-to.pdf>] [13]
Package epstopdf Info: Source file: <figures/introduction/closed_loop_DBS.eps>
(epstopdf)                    date: 2019-01-25 12:41:47
(epstopdf)                    size: 494592 bytes
(epstopdf)             Output file: <figures/introduction/closed_loop_DBS-eps-c
onverted-to.pdf>
(epstopdf)                    date: 2019-02-18 22:37:10
(epstopdf)                    size: 176670 bytes
(epstopdf)             Command: <epstopdf --outfile=figures/introduction/closed
_loop_DBS-eps-converted-to.pdf figures/introduction/closed_loop_DBS.eps>
(epstopdf)             \includegraphics on input line 131.
Package epstopdf Info: Output file is already uptodate.


pdfTeX warning: pdflatex.exe (file ./figures/introduction/closed_loop_DBS-eps-c
onverted-to.pdf): PDF inclusion: found PDF version <1.7>, but at most version <
1.5> allowed
<figures/introduction/closed_loop_DBS-eps-converted-to.pdf, id=105, 1933.2225pt
 x 751.80875pt>
File: figures/introduction/closed_loop_DBS-eps-converted-to.pdf Graphic file (t
ype pdf)
<use figures/introduction/closed_loop_DBS-eps-converted-to.pdf>
Package pdftex.def Info: figures/introduction/closed_loop_DBS-eps-converted-to.
pdf  used on input line 131.
(pdftex.def)             Requested size: 376.23743pt x 146.30959pt.

Underfull \vbox (badness 7963) has occurred while \output is active []

 [14]
[15 <./figures/introduction/closed_loop_DBS-eps-converted-to.pdf>]
Underfull \vbox (badness 7963) has occurred while \output is active []

 [16]
Underfull \vbox (badness 10000) has occurred while \output is active []

 [17])
[18]
\openout2 = `generalMethods.aux'.

 (generalMethods.tex
<<2>>

LaTeX Warning: Reference `fig:brainSchematic' on page 19 undefined on input lin
e 16.


Underfull \vbox (badness 10000) has occurred while \output is active []

 [19



]
Underfull \vbox (badness 1635) has occurred while \output is active []

 [20]
Package epstopdf Info: Source file: <figures/schematic/grid_overview_pictures_3
ada8b_v2.eps>
(epstopdf)                    date: 2019-02-26 09:49:28
(epstopdf)                    size: 27517424 bytes
(epstopdf)             Output file: <figures/schematic/grid_overview_pictures_3
ada8b_v2-eps-converted-to.pdf>
(epstopdf)                    date: 2019-02-26 09:51:16
(epstopdf)                    size: 13876370 bytes
(epstopdf)             Command: <epstopdf --outfile=figures/schematic/grid_over
view_pictures_3ada8b_v2-eps-converted-to.pdf figures/schematic/grid_overview_pi
ctures_3ada8b_v2.eps>
(epstopdf)             \includegraphics on input line 37.
Package epstopdf Info: Output file is already uptodate.


pdfTeX warning: pdflatex.exe (file ./figures/schematic/grid_overview_pictures_3
ada8b_v2-eps-converted-to.pdf): PDF inclusion: found PDF version <1.7>, but at 
most version <1.5> allowed
<figures/schematic/grid_overview_pictures_3ada8b_v2-eps-converted-to.pdf, id=14
4, 545.03625pt x 317.185pt>
File: figures/schematic/grid_overview_pictures_3ada8b_v2-eps-converted-to.pdf G
raphic file (type pdf)
<use figures/schematic/grid_overview_pictures_3ada8b_v2-eps-converted-to.pdf>
Package pdftex.def Info: figures/schematic/grid_overview_pictures_3ada8b_v2-eps
-converted-to.pdf  used on input line 37.
(pdftex.def)             Requested size: 470.295pt x 273.68849pt.
) [21] [22 <./figures/schematic/grid_overview_pictures_3ada8b_v2-eps-converted-
to.pdf>]
\openout2 = `macroscopicResistivity.aux'.

 (macroscopicResistivity.tex
<<3>>
[23



] [24]
Underfull \vbox (badness 7963) has occurred while \output is active []

 [25]
Package epstopdf Info: Source file: <figures/macroscopicResistivity/resistivity
_schematics_part1.eps>
(epstopdf)                    date: 2019-02-26 09:18:10
(epstopdf)                    size: 348814 bytes
(epstopdf)             Output file: <figures/macroscopicResistivity/resistivity
_schematics_part1-eps-converted-to.pdf>
(epstopdf)                    date: 2019-02-26 09:22:49
(epstopdf)                    size: 138632 bytes
(epstopdf)             Command: <epstopdf --outfile=figures/macroscopicResistiv
ity/resistivity_schematics_part1-eps-converted-to.pdf figures/macroscopicResist
ivity/resistivity_schematics_part1.eps>
(epstopdf)             \includegraphics on input line 28.
Package epstopdf Info: Output file is already uptodate.


pdfTeX warning: pdflatex.exe (file ./figures/macroscopicResistivity/resistivity
_schematics_part1-eps-converted-to.pdf): PDF inclusion: found PDF version <1.7>
, but at most version <1.5> allowed
<figures/macroscopicResistivity/resistivity_schematics_part1-eps-converted-to.p
df, id=177, 534.99875pt x 241.90375pt>
File: figures/macroscopicResistivity/resistivity_schematics_part1-eps-converted
-to.pdf Graphic file (type pdf)
<use figures/macroscopicResistivity/resistivity_schematics_part1-eps-converted-
to.pdf>
Package pdftex.def Info: figures/macroscopicResistivity/resistivity_schematics_
part1-eps-converted-to.pdf  used on input line 28.
(pdftex.def)             Requested size: 470.295pt x 212.65817pt.
[26 <./figures/macroscopicResistivity/resistivity_schematics_part1-eps-converte
d-to.pdf>]
<figures/macroscopicResistivity/compositeAllOnLeft_1_28_2019.png, id=201, 621.8
2312pt x 492.33937pt>
File: figures/macroscopicResistivity/compositeAllOnLeft_1_28_2019.png Graphic f
ile (type png)
<use figures/macroscopicResistivity/compositeAllOnLeft_1_28_2019.png>
Package pdftex.def Info: figures/macroscopicResistivity/compositeAllOnLeft_1_28
_2019.png  used on input line 44.
(pdftex.def)             Requested size: 376.23743pt x 297.89252pt.

Underfull \hbox (badness 10000) in paragraph at lines 86--86
[]|\OT1/cmr/m/n/12 Stimulation Am-pli-tudes
 []

[27]
Underfull \vbox (badness 10000) has occurred while \output is active []

 [28 <./figures/macroscopicResistivity/compositeAllOnLeft_1_28_2019.png (PNG co
py)>]
[29]
Package epstopdf Info: Source file: <figures/macroscopicResistivity/stimulation
_extraction.eps>
(epstopdf)                    date: 2019-02-26 09:37:04
(epstopdf)                    size: 85072 bytes
(epstopdf)             Output file: <figures/macroscopicResistivity/stimulation
_extraction-eps-converted-to.pdf>
(epstopdf)                    date: 2019-02-26 09:37:35
(epstopdf)                    size: 31295 bytes
(epstopdf)             Command: <epstopdf --outfile=figures/macroscopicResistiv
ity/stimulation_extraction-eps-converted-to.pdf figures/macroscopicResistivity/
stimulation_extraction.eps>
(epstopdf)             \includegraphics on input line 122.
Package epstopdf Info: Output file is already uptodate.


pdfTeX warning: pdflatex.exe (file ./figures/macroscopicResistivity/stimulation
_extraction-eps-converted-to.pdf): PDF inclusion: found PDF version <1.7>, but 
at most version <1.5> allowed
<figures/macroscopicResistivity/stimulation_extraction-eps-converted-to.pdf, id
=213, 421.575pt x 316.18124pt>
File: figures/macroscopicResistivity/stimulation_extraction-eps-converted-to.pd
f Graphic file (type pdf)
<use figures/macroscopicResistivity/stimulation_extraction-eps-converted-to.pdf
>
Package pdftex.def Info: figures/macroscopicResistivity/stimulation_extraction-
eps-converted-to.pdf  used on input line 122.
(pdftex.def)             Requested size: 446.77881pt x 335.09262pt.
<figures/macroscopicResistivity/meansAndStds_first7.png, id=214, 1915.155pt x 1
014.189pt>
File: figures/macroscopicResistivity/meansAndStds_first7.png Graphic file (type
 png)
<use figures/macroscopicResistivity/meansAndStds_first7.png>
Package pdftex.def Info: figures/macroscopicResistivity/meansAndStds_first7.png
  used on input line 131.
(pdftex.def)             Requested size: 446.77881pt x 236.58574pt.
[30] [31 <./figures/macroscopicResistivity/stimulation_extraction-eps-converted
-to.pdf>]
Underfull \vbox (badness 10000) has occurred while \output is active []

 [32 <./figures/macroscopicResistivity/meansAndStds_first7.png (PNG copy)>]

Package amsmath Warning: Foreign command \over;
(amsmath)                \frac or \genfrac should be used instead
(amsmath)                 on input line 147.

[33]

LaTeX Warning: Citation `Kobayashi1939' on page 34 undefined on input line 166.



Underfull \vbox (badness 1292) has occurred while \output is active []

 [34]
[35]
<figures/macroscopicResistivity/stimMonitorInd.png, id=246, 578.16pt x 289.08pt
>
File: figures/macroscopicResistivity/stimMonitorInd.png Graphic file (type png)

<use figures/macroscopicResistivity/stimMonitorInd.png>
Package pdftex.def Info: figures/macroscopicResistivity/stimMonitorInd.png  use
d on input line 215.
(pdftex.def)             Requested size: 446.77881pt x 223.38626pt.
Package epstopdf Info: Source file: <figures/macroscopicResistivity/stimMonitor
Average.eps>
(epstopdf)                    date: 2019-02-26 17:37:07
(epstopdf)                    size: 39105 bytes
(epstopdf)             Output file: <figures/macroscopicResistivity/stimMonitor
Average-eps-converted-to.pdf>
(epstopdf)                    date: 2019-02-26 17:46:47
(epstopdf)                    size: 11610 bytes
(epstopdf)             Command: <epstopdf --outfile=figures/macroscopicResistiv
ity/stimMonitorAverage-eps-converted-to.pdf figures/macroscopicResistivity/stim
MonitorAverage.eps>
(epstopdf)             \includegraphics on input line 223.
Package epstopdf Info: Output file is already uptodate.


pdfTeX warning: pdflatex.exe (file ./figures/macroscopicResistivity/stimMonitor
Average-eps-converted-to.pdf): PDF inclusion: found PDF version <1.7>, but at m
ost version <1.5> allowed
<figures/macroscopicResistivity/stimMonitorAverage-eps-converted-to.pdf, id=247
, 578.16pt x 289.08pt>
File: figures/macroscopicResistivity/stimMonitorAverage-eps-converted-to.pdf Gr
aphic file (type pdf)
<use figures/macroscopicResistivity/stimMonitorAverage-eps-converted-to.pdf>
Package pdftex.def Info: figures/macroscopicResistivity/stimMonitorAverage-eps-
converted-to.pdf  used on input line 223.
(pdftex.def)             Requested size: 446.77881pt x 223.38626pt.
Package epstopdf Info: Source file: <figures/macroscopicResistivity/resistivity
_schematics_part2.eps>
(epstopdf)                    date: 2019-02-26 17:52:10
(epstopdf)                    size: 64941 bytes
(epstopdf)             Output file: <figures/macroscopicResistivity/resistivity
_schematics_part2-eps-converted-to.pdf>
(epstopdf)                    date: 2019-02-26 18:13:45
(epstopdf)                    size: 23966 bytes
(epstopdf)             Command: <epstopdf --outfile=figures/macroscopicResistiv
ity/resistivity_schematics_part2-eps-converted-to.pdf figures/macroscopicResist
ivity/resistivity_schematics_part2.eps>
(epstopdf)             \includegraphics on input line 232.
Package epstopdf Info: Output file is already uptodate.


pdfTeX warning: pdflatex.exe (file ./figures/macroscopicResistivity/resistivity
_schematics_part2-eps-converted-to.pdf): PDF inclusion: found PDF version <1.7>
, but at most version <1.5> allowed
<figures/macroscopicResistivity/resistivity_schematics_part2-eps-converted-to.p
df, id=248, 571.13374pt x 200.75pt>
File: figures/macroscopicResistivity/resistivity_schematics_part2-eps-converted
-to.pdf Graphic file (type pdf)
<use figures/macroscopicResistivity/resistivity_schematics_part2-eps-converted-
to.pdf>
Package pdftex.def Info: figures/macroscopicResistivity/resistivity_schematics_
part2-eps-converted-to.pdf  used on input line 232.
(pdftex.def)             Requested size: 376.23743pt x 132.24422pt.
Package epstopdf Info: Source file: <figures/macroscopicResistivity/concatJumpV
oltages.eps>
(epstopdf)                    date: 2019-02-26 21:36:45
(epstopdf)                    size: 180519 bytes
(epstopdf)             Output file: <figures/macroscopicResistivity/concatJumpV
oltages-eps-converted-to.pdf>
(epstopdf)                    date: 2019-02-26 21:39:25
(epstopdf)                    size: 54707 bytes
(epstopdf)             Command: <epstopdf --outfile=figures/macroscopicResistiv
ity/concatJumpVoltages-eps-converted-to.pdf figures/macroscopicResistivity/conc
atJumpVoltages.eps>
(epstopdf)             \includegraphics on input line 241.
Package epstopdf Info: Output file is already uptodate.


pdfTeX warning: pdflatex.exe (file ./figures/macroscopicResistivity/concatJumpV
oltages-eps-converted-to.pdf): PDF inclusion: found PDF version <1.7>, but at m
ost version <1.5> allowed
<figures/macroscopicResistivity/concatJumpVoltages-eps-converted-to.pdf, id=249
, 421.575pt x 316.18124pt>
File: figures/macroscopicResistivity/concatJumpVoltages-eps-converted-to.pdf Gr
aphic file (type pdf)
<use figures/macroscopicResistivity/concatJumpVoltages-eps-converted-to.pdf>
Package pdftex.def Info: figures/macroscopicResistivity/concatJumpVoltages-eps-
converted-to.pdf  used on input line 241.
(pdftex.def)             Requested size: 446.77881pt x 335.09262pt.
[36 <./figures/macroscopicResistivity/stimMonitorInd.png (PNG copy)>]
Underfull \vbox (badness 10000) has occurred while \output is active []

 [37 <./figures/macroscopicResistivity/stimMonitorAverage-eps-converted-to.pdf>
]
<figures/macroscopicResistivity/subject_4_variationTrial.png, id=264, 4818.0pt 
x 2505.36pt>
File: figures/macroscopicResistivity/subject_4_variationTrial.png Graphic file 
(type png)
<use figures/macroscopicResistivity/subject_4_variationTrial.png>
Package pdftex.def Info: figures/macroscopicResistivity/subject_4_variationTria
l.png  used on input line 265.
(pdftex.def)             Requested size: 446.77881pt x 232.3156pt.

Underfull \vbox (badness 10000) has occurred while \output is active []

 [38 <./figures/macroscopicResistivity/resistivity_schematics_part2-eps-convert
ed-to.pdf>] [39 <./figures/macroscopicResistivity/concatJumpVoltages-eps-conver
ted-to.pdf>]
Underfull \vbox (badness 10000) has occurred while \output is active []

 [40 <./figures/macroscopicResistivity/subject_4_variationTrial.png (PNG copy)>
] [41]
Underfull \vbox (badness 2359) has occurred while \output is active []

 [42]
Underfull \vbox (badness 2359) has occurred while \output is active []

 [43]
Underfull \vbox (badness 1859) has occurred while \output is active []

 [44])
[45]
\openout2 = `artifactRejection.aux'.

 (artifactRejection.tex
<<4>>
[46



]
Underfull \vbox (badness 10000) has occurred while \output is active []

 [47]
<figures/artifactRejection/examp_trial_pchip_on_off.png, id=311, 1225.57875pt x
 670.00313pt>
File: figures/artifactRejection/examp_trial_pchip_on_off.png Graphic file (type
 png)
<use figures/artifactRejection/examp_trial_pchip_on_off.png>
Package pdftex.def Info: figures/artifactRejection/examp_trial_pchip_on_off.png
  used on input line 33.
(pdftex.def)             Requested size: 376.23743pt x 205.68481pt.

Underfull \vbox (badness 10000) has occurred while \output is active []

 [48]
<figures/artifactRejection/templateClusters_33_dictMethod.png, id=315, 1228.59p
t x 752.8125pt>
File: figures/artifactRejection/templateClusters_33_dictMethod.png Graphic file
 (type png)
<use figures/artifactRejection/templateClusters_33_dictMethod.png>
Package pdftex.def Info: figures/artifactRejection/templateClusters_33_dictMeth
od.png  used on input line 45.
(pdftex.def)             Requested size: 376.23743pt x 230.53218pt.

[49 <./figures/artifactRejection/examp_trial_pchip_on_off.png (PNG copy)>]
<figures/artifactRejection/693ffd_400ms_schematic.png, id=319, 529.2573pt x 520
.344pt>
File: figures/artifactRejection/693ffd_400ms_schematic.png Graphic file (type p
ng)
<use figures/artifactRejection/693ffd_400ms_schematic.png>
Package pdftex.def Info: figures/artifactRejection/693ffd_400ms_schematic.png  
used on input line 56.
(pdftex.def)             Requested size: 282.17986pt x 277.42453pt.
<figures/artifactRejection/a1355e_priming_schematic.png, id=321, 886.0302pt x 4
22.0568pt>
File: figures/artifactRejection/a1355e_priming_schematic.png Graphic file (type
 png)
<use figures/artifactRejection/a1355e_priming_schematic.png>
Package pdftex.def Info: figures/artifactRejection/a1355e_priming_schematic.png
  used on input line 64.
(pdftex.def)             Requested size: 470.295pt x 224.02391pt.

Underfull \vbox (badness 10000) has occurred while \output is active []

 [50 <./figures/artifactRejection/templateClusters_33_dictMethod.png (PNG copy)
>] [51 <./figures/artifactRejection/693ffd_400ms_schematic.png>] [52 <./figures
/artifactRejection/a1355e_priming_schematic.png>]
Overfull \hbox (72.9842pt too wide) in paragraph at lines 90--91
\OT1/cmr/m/n/12 Full MAT-LAB code and data sets are avail-able at https://githu
b.com/davidjuliancaldwell/artifactRejection 
 []

) [53] [54]
\openout2 = `responseTimingChap.aux'.

 (responseTimingChap.tex
<<5>>
[55



]
Package epstopdf Info: Source file: <figures/responseTiming/RTfigure1.eps>
(epstopdf)                    date: 2018-10-02 09:42:09
(epstopdf)                    size: 2186841 bytes
(epstopdf)             Output file: <figures/responseTiming/RTfigure1-eps-conve
rted-to.pdf>
(epstopdf)                    date: 2019-02-12 07:56:09
(epstopdf)                    size: 1553030 bytes
(epstopdf)             Command: <epstopdf --outfile=figures/responseTiming/RTfi
gure1-eps-converted-to.pdf figures/responseTiming/RTfigure1.eps>
(epstopdf)             \includegraphics on input line 18.
Package epstopdf Info: Output file is already uptodate.


pdfTeX warning: pdflatex.exe (file ./figures/responseTiming/RTfigure1-eps-conve
rted-to.pdf): PDF inclusion: found PDF version <1.7>, but at most version <1.5>
 allowed
<figures/responseTiming/RTfigure1-eps-converted-to.pdf, id=343, 1057.9525pt x 9
25.4575pt>
File: figures/responseTiming/RTfigure1-eps-converted-to.pdf Graphic file (type 
pdf)
<use figures/responseTiming/RTfigure1-eps-converted-to.pdf>
Package pdftex.def Info: figures/responseTiming/RTfigure1-eps-converted-to.pdf 
 used on input line 18.
(pdftex.def)             Requested size: 376.23743pt x 329.11162pt.
Package epstopdf Info: Source file: <figures/responseTiming/RTfigure2.eps>
(epstopdf)                    date: 2018-10-05 19:33:44
(epstopdf)                    size: 1366872 bytes
(epstopdf)             Output file: <figures/responseTiming/RTfigure2-eps-conve
rted-to.pdf>
(epstopdf)                    date: 2019-02-12 07:56:11
(epstopdf)                    size: 616528 bytes
(epstopdf)             Command: <epstopdf --outfile=figures/responseTiming/RTfi
gure2-eps-converted-to.pdf figures/responseTiming/RTfigure2.eps>
(epstopdf)             \includegraphics on input line 25.
Package epstopdf Info: Output file is already uptodate.


pdfTeX warning: pdflatex.exe (file ./figures/responseTiming/RTfigure2-eps-conve
rted-to.pdf): PDF inclusion: found PDF version <1.7>, but at most version <1.5>
 allowed
<figures/responseTiming/RTfigure2-eps-converted-to.pdf, id=344, 1409.265pt x 97
0.62625pt>
File: figures/responseTiming/RTfigure2-eps-converted-to.pdf Graphic file (type 
pdf)
<use figures/responseTiming/RTfigure2-eps-converted-to.pdf>
Package pdftex.def Info: figures/responseTiming/RTfigure2-eps-converted-to.pdf 
 used on input line 25.
(pdftex.def)             Requested size: 376.23743pt x 259.12529pt.
[56] [57]
Overfull \hbox (3.86536pt too wide) in paragraph at lines 57--58
\OT1/cmr/m/n/12 We ap-plied hap-tic feed-back with dig-i-tal touch probes (Karo
lin-ska In-sti-tute) that time stamped
 []

[58] [59] [60]
Underfull \vbox (badness 3039) has occurred while \output is active []

 [61]
[62]
Underfull \vbox (badness 5548) has occurred while \output is active []

 [63]
Underfull \hbox (badness 10000) in paragraph at lines 152--152
\OT1/cmr/m/n/8 responded to
 []


Underfull \hbox (badness 10000) in paragraph at lines 152--152
\OT1/cmr/m/n/8 response time
 []

Package epstopdf Info: Source file: <figures/responseTiming/RTfigure3.eps>
(epstopdf)                    date: 2018-10-02 10:38:30
(epstopdf)                    size: 1174191 bytes
(epstopdf)             Output file: <figures/responseTiming/RTfigure3-eps-conve
rted-to.pdf>
(epstopdf)                    date: 2019-02-12 07:56:13
(epstopdf)                    size: 348107 bytes
(epstopdf)             Command: <epstopdf --outfile=figures/responseTiming/RTfi
gure3-eps-converted-to.pdf figures/responseTiming/RTfigure3.eps>
(epstopdf)             \includegraphics on input line 161.
Package epstopdf Info: Output file is already uptodate.


pdfTeX warning: pdflatex.exe (file ./figures/responseTiming/RTfigure3-eps-conve
rted-to.pdf): PDF inclusion: found PDF version <1.7>, but at most version <1.5>
 allowed
<figures/responseTiming/RTfigure3-eps-converted-to.pdf, id=371, 1697.34125pt x 
709.65125pt>
File: figures/responseTiming/RTfigure3-eps-converted-to.pdf Graphic file (type 
pdf)
<use figures/responseTiming/RTfigure3-eps-converted-to.pdf>
Package pdftex.def Info: figures/responseTiming/RTfigure3-eps-converted-to.pdf 
 used on input line 161.
(pdftex.def)             Requested size: 470.295pt x 196.62193pt.

LaTeX Warning: `h' float specifier changed to `ht'.

Package epstopdf Info: Source file: <figures/responseTiming/RTfigure4.eps>
(epstopdf)                    date: 2018-10-02 10:02:51
(epstopdf)                    size: 332910 bytes
(epstopdf)             Output file: <figures/responseTiming/RTfigure4-eps-conve
rted-to.pdf>
(epstopdf)                    date: 2019-02-12 07:56:14
(epstopdf)                    size: 92570 bytes
(epstopdf)             Command: <epstopdf --outfile=figures/responseTiming/RTfi
gure4-eps-converted-to.pdf figures/responseTiming/RTfigure4.eps>
(epstopdf)             \includegraphics on input line 168.
Package epstopdf Info: Output file is already uptodate.


pdfTeX warning: pdflatex.exe (file ./figures/responseTiming/RTfigure4-eps-conve
rted-to.pdf): PDF inclusion: found PDF version <1.7>, but at most version <1.5>
 allowed
<figures/responseTiming/RTfigure4-eps-converted-to.pdf, id=372, 1155.31625pt x 
348.30125pt>
File: figures/responseTiming/RTfigure4-eps-converted-to.pdf Graphic file (type 
pdf)
<use figures/responseTiming/RTfigure4-eps-converted-to.pdf>
Package pdftex.def Info: figures/responseTiming/RTfigure4-eps-converted-to.pdf 
 used on input line 168.
(pdftex.def)             Requested size: 470.295pt x 141.7787pt.

LaTeX Warning: `h' float specifier changed to `ht'.


Underfull \vbox (badness 10000) has occurred while \output is active []

 [64]
[65]
Underfull \hbox (badness 1642) in paragraph at lines 207--207
[]|\OT1/cmr/m/n/6 Complex par-tial epilepsy
 []


Underfull \hbox (badness 1168) in paragraph at lines 207--207
\OT1/cmr/m/n/6 with mul-ti-fo-cal ic-tal on-
 []


Underfull \hbox (badness 2111) in paragraph at lines 207--207
\OT1/cmr/m/n/6 set and at least 2 dis-
 []


Underfull \hbox (badness 3601) in paragraph at lines 207--207
\OT1/cmr/m/n/6 tinct epilep-to-genic ar-eas
 []


Underfull \hbox (badness 5022) in paragraph at lines 207--207
[]|\OT1/cmr/bx/n/6 Block 1: \OT1/cmr/m/n/6 Cor-ti-cal/Off
 []


Underfull \hbox (badness 10000) in paragraph at lines 207--207

 []


Underfull \hbox (badness 5022) in paragraph at lines 207--207
\OT1/cmr/bx/n/6 Block 2: \OT1/cmr/m/n/6 Cor-ti-cal/Off
 []


Underfull \hbox (badness 4048) in paragraph at lines 207--207
\OT1/cmr/m/n/6 (widespread cal-ci-fi-ca-tions
 []


Underfull \hbox (badness 1360) in paragraph at lines 207--207
\OT1/cmr/m/n/6 Seizures orig-i-nat-ing from
 []


Underfull \hbox (badness 5022) in paragraph at lines 207--207
[]|\OT1/cmr/bx/n/6 Block 1: \OT1/cmr/m/n/6 Cor-ti-cal/Off
 []


Underfull \hbox (badness 10000) in paragraph at lines 207--207

 []


Underfull \hbox (badness 5022) in paragraph at lines 207--207
\OT1/cmr/bx/n/6 Block 2: \OT1/cmr/m/n/6 Cor-ti-cal/Off
 []


Underfull \hbox (badness 4048) in paragraph at lines 207--207
\OT1/cmr/m/n/6 (widespread cal-ci-fi-ca-tions
 []


Underfull \hbox (badness 1360) in paragraph at lines 207--207
\OT1/cmr/m/n/6 Seizures orig-i-nat-ing from
 []


Underfull \hbox (badness 5022) in paragraph at lines 207--207
[]|\OT1/cmr/bx/n/6 Block 1: \OT1/cmr/m/n/6 Cor-ti-cal/Off
 []


Underfull \hbox (badness 10000) in paragraph at lines 207--207

 []


Underfull \hbox (badness 5022) in paragraph at lines 207--207
\OT1/cmr/bx/n/6 Block 2: \OT1/cmr/m/n/6 Cor-ti-cal/Off
 []


Underfull \hbox (badness 10000) in paragraph at lines 207--207

 []


Underfull \hbox (badness 10000) in paragraph at lines 207--207

 []


Underfull \hbox (badness 10000) in paragraph at lines 207--207

 []


Underfull \hbox (badness 10000) in paragraph at lines 207--207
[]|\OT1/cmr/m/n/6 MRI neg-a-tive, par-tial
 []


Underfull \hbox (badness 2368) in paragraph at lines 207--207
\OT1/cmr/m/n/6 seizures orig-i-nat-ing from
 []


Underfull \hbox (badness 1721) in paragraph at lines 207--207
\OT1/cmr/m/n/6 the left mesial tem-po-ral
 []


Underfull \hbox (badness 1859) in paragraph at lines 207--207
\OT1/cmr/m/n/6 area in-clud-ing the an-te-
 []


Underfull \hbox (badness 5490) in paragraph at lines 207--207
\OT1/cmr/m/n/6 rior tem-po-ral pole and
 []


Underfull \hbox (badness 7685) in paragraph at lines 207--207
\OT1/cmr/m/n/6 hip-pocam-pus. Pathol-
 []


Underfull \hbox (badness 2600) in paragraph at lines 207--207
\OT1/cmr/m/n/6 with lep-tomeningeal and
 []

[66]
Underfull \vbox (badness 10000) has occurred while \output is active []

 [67]
Underfull \vbox (badness 10000) has occurred while \output is active []

 [68]
Underfull \vbox (badness 10000) has occurred while \output is active []

 [69]
Underfull \vbox (badness 10000) has occurred while \output is active []

 [70]
Underfull \vbox (badness 10000) has occurred while \output is active []

 [71]
Underfull \vbox (badness 10000) has occurred while \output is active []

 [72]
Package epstopdf Info: Source file: <figures/responseTiming/RTsupp1.eps>
(epstopdf)                    date: 2019-02-12 09:39:09
(epstopdf)                    size: 221761 bytes
(epstopdf)             Output file: <figures/responseTiming/RTsupp1-eps-convert
ed-to.pdf>
(epstopdf)                    date: 2019-02-12 09:40:02
(epstopdf)                    size: 62043 bytes
(epstopdf)             Command: <epstopdf --outfile=figures/responseTiming/RTsu
pp1-eps-converted-to.pdf figures/responseTiming/RTsupp1.eps>
(epstopdf)             \includegraphics on input line 261.
Package epstopdf Info: Output file is already uptodate.


pdfTeX warning: pdflatex.exe (file ./figures/responseTiming/RTsupp1-eps-convert
ed-to.pdf): PDF inclusion: found PDF version <1.7>, but at most version <1.5> a
llowed
<figures/responseTiming/RTsupp1-eps-converted-to.pdf, id=402, 1478.52374pt x 56
1.09625pt>
File: figures/responseTiming/RTsupp1-eps-converted-to.pdf Graphic file (type pd
f)
<use figures/responseTiming/RTsupp1-eps-converted-to.pdf>
Package pdftex.def Info: figures/responseTiming/RTsupp1-eps-converted-to.pdf  u
sed on input line 261.
(pdftex.def)             Requested size: 329.20506pt x 124.93127pt.

LaTeX Warning: `h' float specifier changed to `ht'.

Package epstopdf Info: Source file: <figures/responseTiming/RTsupp2.eps>
(epstopdf)                    date: 2019-02-12 09:56:35
(epstopdf)                    size: 144070 bytes
(epstopdf)             Output file: <figures/responseTiming/RTsupp2-eps-convert
ed-to.pdf>
(epstopdf)                    date: 2019-02-12 09:56:45
(epstopdf)                    size: 102654 bytes
(epstopdf)             Command: <epstopdf --outfile=figures/responseTiming/RTsu
pp2-eps-converted-to.pdf figures/responseTiming/RTsupp2.eps>
(epstopdf)             \includegraphics on input line 268.
Package epstopdf Info: Output file is already uptodate.


pdfTeX warning: pdflatex.exe (file ./figures/responseTiming/RTsupp2-eps-convert
ed-to.pdf): PDF inclusion: found PDF version <1.7>, but at most version <1.5> a
llowed
<figures/responseTiming/RTsupp2-eps-converted-to.pdf, id=403, 1478.52374pt x 97
3.6375pt>
File: figures/responseTiming/RTsupp2-eps-converted-to.pdf Graphic file (type pd
f)
<use figures/responseTiming/RTsupp2-eps-converted-to.pdf>
Package pdftex.def Info: figures/responseTiming/RTsupp2-eps-converted-to.pdf  u
sed on input line 268.
(pdftex.def)             Requested size: 329.20506pt x 216.78593pt.

LaTeX Warning: `h' float specifier changed to `ht'.


Underfull \vbox (badness 10000) has occurred while \output is active []

 [73])
[74] [75 <./figures/responseTiming/RTfigure1-eps-converted-to.pdf>] [76 <./figu
res/responseTiming/RTfigure2-eps-converted-to.pdf>] [77] [78 <./figures/respons
eTiming/RTfigure3-eps-converted-to.pdf>] [79 <./figures/responseTiming/RTfigure
4-eps-converted-to.pdf> <./figures/responseTiming/RTsupp1-eps-converted-to.pdf>
] [80] [81 <./figures/responseTiming/RTsupp2-eps-converted-to.pdf>]
\openout2 = `neuralDynamics.aux'.


(neuralDynamics.tex
<<6>>
[82



]
<figures/waveformMod/primingSchematic.png, id=510, 1438.6548pt x 494.5677pt>
File: figures/waveformMod/primingSchematic.png Graphic file (type png)
<use figures/waveformMod/primingSchematic.png>
Package pdftex.def Info: figures/waveformMod/primingSchematic.png  used on inpu
t line 27.
(pdftex.def)             Requested size: 470.295pt x 161.6759pt.

Underfull \vbox (badness 3019) has occurred while \output is active []

 [83]
Underfull \vbox (badness 10000) has occurred while \output is active []

 [84 <./figures/waveformMod/primingSchematic.png>]
<figures/neuralDynamics/693ffd_timeFreq_compare.png, id=518, 1053.4557pt x 749.
4399pt>
File: figures/neuralDynamics/693ffd_timeFreq_compare.png Graphic file (type png
)
<use figures/neuralDynamics/693ffd_timeFreq_compare.png>
Package pdftex.def Info: figures/neuralDynamics/693ffd_timeFreq_compare.png  us
ed on input line 42.
(pdftex.def)             Requested size: 470.295pt x 334.56892pt.
<figures/neuralDynamics/693ffd_timeFreq_compare_wavelet.png, id=519, 1025.5113p
t x 780.516pt>
File: figures/neuralDynamics/693ffd_timeFreq_compare_wavelet.png Graphic file (
type png)
<use figures/neuralDynamics/693ffd_timeFreq_compare_wavelet.png>
Package pdftex.def Info: figures/neuralDynamics/693ffd_timeFreq_compare_wavelet
.png  used on input line 49.
(pdftex.def)             Requested size: 470.295pt x 357.93411pt.
<figures/waveformMod/a1355e_priming_RT.png, id=520, 355.5684pt x 356.89336pt>
File: figures/waveformMod/a1355e_priming_RT.png Graphic file (type png)
<use figures/waveformMod/a1355e_priming_RT.png>
Package pdftex.def Info: figures/waveformMod/a1355e_priming_RT.png  used on inp
ut line 60.
(pdftex.def)             Requested size: 188.11513pt x 188.81494pt.
<figures/waveformMod/3ada8b_priming_RT.png, id=521, 1150.5384pt x 305.943pt>
File: figures/waveformMod/3ada8b_priming_RT.png Graphic file (type png)
<use figures/waveformMod/3ada8b_priming_RT.png>
Package pdftex.def Info: figures/waveformMod/3ada8b_priming_RT.png  used on inp
ut line 69.
(pdftex.def)             Requested size: 470.295pt x 125.05463pt.
<figures/neuralDynamics/primingNeural_data_a1355e_timSeries.png, id=522, 1373.8
527pt x 685.1196pt>
File: figures/neuralDynamics/primingNeural_data_a1355e_timSeries.png Graphic fi
le (type png)
<use figures/neuralDynamics/primingNeural_data_a1355e_timSeries.png>
Package pdftex.def Info: figures/neuralDynamics/primingNeural_data_a1355e_timSe
ries.png  used on input line 78.
(pdftex.def)             Requested size: 470.295pt x 234.5266pt.

Underfull \vbox (badness 5985) has occurred while \output is active []

 [85])
[86] [87 <./figures/neuralDynamics/693ffd_timeFreq_compare.png>] [88 <./figures
/neuralDynamics/693ffd_timeFreq_compare_wavelet.png>] [89 <./figures/waveformMo
d/a1355e_priming_RT.png> <./figures/waveformMod/3ada8b_priming_RT.png>]
[90 <./figures/neuralDynamics/primingNeural_data_a1355e_timSeries.png>]
\openout2 = `concurrentStim.aux'.


(concurrentStim.tex
<<7>>
[91



]
<figures/concurrentStim/TOJ_experiment.png, id=550, 1320.8547pt x 712.3413pt>
File: figures/concurrentStim/TOJ_experiment.png Graphic file (type png)
<use figures/concurrentStim/TOJ_experiment.png>
Package pdftex.def Info: figures/concurrentStim/TOJ_experiment.png  used on inp
ut line 22.
(pdftex.def)             Requested size: 470.295pt x 253.62749pt.
 [92] [93 <./figures/concurrentStim/TOJ_experiment.png>]
<figures/concurrentStim/TOJ_a1355e_both_calculatedSame_v2.png, id=558, 1156.32p
t x 578.16pt>
File: figures/concurrentStim/TOJ_a1355e_both_calculatedSame_v2.png Graphic file
 (type png)
<use figures/concurrentStim/TOJ_a1355e_both_calculatedSame_v2.png>
Package pdftex.def Info: figures/concurrentStim/TOJ_a1355e_both_calculatedSame_
v2.png  used on input line 35.
(pdftex.def)             Requested size: 470.295pt x 235.14157pt.

Underfull \vbox (badness 10000) has occurred while \output is active []

 [94 <./figures/concurrentStim/TOJ_a1355e_both_calculatedSame_v2.png>]
Underfull \vbox (badness 10000) has occurred while \output is active []

 [95])
[96]
\openout2 = `betaStimChap.aux'.

 (betaStimChap.tex
<<8>>

Underfull \vbox (badness 10000) has occurred while \output is active []

 [97



]
[98] [99]
Underfull \vbox (badness 10000) has occurred while \output is active []

 [100]
Underfull \vbox (badness 3039) has occurred while \output is active []

 [101]
Overfull \hbox (3.00436pt too wide) in paragraph at lines 32--33
\OT1/cmr/m/n/12 We col-lected data from pa-tients un-der-go-ing in-tracra-nial 
elec-tro-cor-ticog-ra-phy (ECoG) epilepsy
 []

[102] [103]
Underfull \vbox (badness 10000) has occurred while \output is active []

 [104]
Package epstopdf Info: Source file: <figures/betaTriggered/betaStimSchematic.ep
s>
(epstopdf)                    date: 2019-02-25 18:10:57
(epstopdf)                    size: 818301 bytes
(epstopdf)             Output file: <figures/betaTriggered/betaStimSchematic-ep
s-converted-to.pdf>
(epstopdf)                    date: 2019-02-25 18:11:17
(epstopdf)                    size: 289896 bytes
(epstopdf)             Command: <epstopdf --outfile=figures/betaTriggered/betaS
timSchematic-eps-converted-to.pdf figures/betaTriggered/betaStimSchematic.eps>
(epstopdf)             \includegraphics on input line 53.
Package epstopdf Info: Output file is already uptodate.


pdfTeX warning: pdflatex.exe (file ./figures/betaTriggered/betaStimSchematic-ep
s-converted-to.pdf): PDF inclusion: found PDF version <1.7>, but at most versio
n <1.5> allowed
<figures/betaTriggered/betaStimSchematic-eps-converted-to.pdf, id=595, 573.1412
5pt x 286.06876pt>
File: figures/betaTriggered/betaStimSchematic-eps-converted-to.pdf Graphic file
 (type pdf)
<use figures/betaTriggered/betaStimSchematic-eps-converted-to.pdf>
Package pdftex.def Info: figures/betaTriggered/betaStimSchematic-eps-converted-
to.pdf  used on input line 53.
(pdftex.def)             Requested size: 446.77881pt x 223.00177pt.

Underfull \vbox (badness 3792) has occurred while \output is active []

 [105]
Underfull \vbox (badness 1360) has occurred while \output is active []

 [106 <./figures/betaTriggered/betaStimSchematic-eps-converted-to.pdf>]

LaTeX Warning: Citation `Iwasaki2010' on page 107 undefined on input line 68.

[107]
Package epstopdf Info: Source file: <figures/betaTriggered/example_CEP_subj_7.e
ps>
(epstopdf)                    date: 2019-02-25 19:24:11
(epstopdf)                    size: 749824 bytes
(epstopdf)             Output file: <figures/betaTriggered/example_CEP_subj_7-e
ps-converted-to.pdf>
(epstopdf)                    date: 2019-02-25 22:07:07
(epstopdf)                    size: 236621 bytes
(epstopdf)             Command: <epstopdf --outfile=figures/betaTriggered/examp
le_CEP_subj_7-eps-converted-to.pdf figures/betaTriggered/example_CEP_subj_7.eps
>
(epstopdf)             \includegraphics on input line 77.
Package epstopdf Info: Output file is already uptodate.


pdfTeX warning: pdflatex.exe (file ./figures/betaTriggered/example_CEP_subj_7-e
ps-converted-to.pdf): PDF inclusion: found PDF version <1.7>, but at most versi
on <1.5> allowed
<figures/betaTriggered/example_CEP_subj_7-eps-converted-to.pdf, id=638, 645.411
25pt x 564.1075pt>
File: figures/betaTriggered/example_CEP_subj_7-eps-converted-to.pdf Graphic fil
e (type pdf)
<use figures/betaTriggered/example_CEP_subj_7-eps-converted-to.pdf>
Package pdftex.def Info: figures/betaTriggered/example_CEP_subj_7-eps-converted
-to.pdf  used on input line 77.
(pdftex.def)             Requested size: 446.77881pt x 390.49129pt.

Underfull \vbox (badness 10000) has occurred while \output is active []

 [108]
[109] [110]
Package epstopdf Info: Source file: <figures/betaTriggered/betaStimBrainsInclud
ed.eps>
(epstopdf)                    date: 2019-02-25 18:45:43
(epstopdf)                    size: 1138123 bytes
(epstopdf)             Output file: <figures/betaTriggered/betaStimBrainsInclud
ed-eps-converted-to.pdf>
(epstopdf)                    date: 2019-02-25 21:21:51
(epstopdf)                    size: 299943 bytes
(epstopdf)             Command: <epstopdf --outfile=figures/betaTriggered/betaS
timBrainsIncluded-eps-converted-to.pdf figures/betaTriggered/betaStimBrainsIncl
uded.eps>
(epstopdf)             \includegraphics on input line 105.
Package epstopdf Info: Output file is already uptodate.


pdfTeX warning: pdflatex.exe (file ./figures/betaTriggered/betaStimBrainsInclud
ed-eps-converted-to.pdf): PDF inclusion: found PDF version <1.7>, but at most v
ersion <1.5> allowed
<figures/betaTriggered/betaStimBrainsIncluded-eps-converted-to.pdf, id=648, 588
.1975pt x 445.665pt>
File: figures/betaTriggered/betaStimBrainsIncluded-eps-converted-to.pdf Graphic
 file (type pdf)
<use figures/betaTriggered/betaStimBrainsIncluded-eps-converted-to.pdf>
Package pdftex.def Info: figures/betaTriggered/betaStimBrainsIncluded-eps-conve
rted-to.pdf  used on input line 105.
(pdftex.def)             Requested size: 470.295pt x 356.33527pt.

Underfull \hbox (badness 1742) in paragraph at lines 150--150
[]|\OT1/cmr/m/n/8 # pulses af-ter 5 or
 []


Underfull \hbox (badness 10000) in paragraph at lines 150--150
\OT1/cmr/m/n/8 more con-di-tion-ing
 []


Underfull \vbox (badness 10000) has occurred while \output is active []

 [111]
Underfull \vbox (badness 1210) has occurred while \output is active []

 [112]
[113]
Underfull \vbox (badness 7963) has occurred while \output is active []

 [114]
Underfull \vbox (badness 10000) has occurred while \output is active []

 [115]
[116]
Package epstopdf Info: Source file: <figures/betaTriggered/betaStimAcrossSubjsP
hase.eps>
(epstopdf)                    date: 2019-02-25 16:30:23
(epstopdf)                    size: 102984 bytes
(epstopdf)             Output file: <figures/betaTriggered/betaStimAcrossSubjsP
hase-eps-converted-to.pdf>
(epstopdf)                    date: 2019-02-25 17:23:44
(epstopdf)                    size: 36041 bytes
(epstopdf)             Command: <epstopdf --outfile=figures/betaTriggered/betaS
timAcrossSubjsPhase-eps-converted-to.pdf figures/betaTriggered/betaStimAcrossSu
bjsPhase.eps>
(epstopdf)             \includegraphics on input line 209.
Package epstopdf Info: Output file is already uptodate.


pdfTeX warning: pdflatex.exe (file ./figures/betaTriggered/betaStimAcrossSubjsP
hase-eps-converted-to.pdf): PDF inclusion: found PDF version <1.7>, but at most
 version <1.5> allowed
<figures/betaTriggered/betaStimAcrossSubjsPhase-eps-converted-to.pdf, id=669, 5
08.90125pt x 522.95375pt>
File: figures/betaTriggered/betaStimAcrossSubjsPhase-eps-converted-to.pdf Graph
ic file (type pdf)
<use figures/betaTriggered/betaStimAcrossSubjsPhase-eps-converted-to.pdf>
Package pdftex.def Info: figures/betaTriggered/betaStimAcrossSubjsPhase-eps-con
verted-to.pdf  used on input line 209.
(pdftex.def)             Requested size: 446.77881pt x 459.13145pt.
[117]
Overfull \hbox (5.66849pt too wide) in paragraph at lines 248--257
\OT1/cmr/m/n/12 nel:subject 0.01 ICC sub-ject 0.02 Ob-ser-va-tions 31889 Margin
al $\OML/cmm/m/it/12 R[]$\OT1/cmr/m/n/12 /Conditional $\OML/cmm/m/it/12 R[]$ \O
T1/cmr/m/n/12 0.003/0.039 
 []


Underfull \vbox (badness 2359) has occurred while \output is active []

 [118]
[119]
Underfull \vbox (badness 2359) has occurred while \output is active []

 [120]
[121] [122]
Underfull \vbox (badness 4454) has occurred while \output is active []

 [123]
Underfull \vbox (badness 10000) has occurred while \output is active []

 [124]
[125] [126] [127] [128]
Overfull \hbox (36.17706pt too wide) in paragraph at lines 391--395
\OT1/cmr/m/n/12 ing github repos-i-tory. https://github.com/davidjuliancaldwell
/betaOscillationTriggerStimPaper.git 
 []


Underfull \hbox (badness 10000) in paragraph at lines 424--424
[]|\OT1/cmr/m/n/8 48 chan-nel left tem-po-
 []

Package epstopdf Info: Source file: <figures/betaTriggered/betaStimOscopeTest.e
ps>
(epstopdf)                    date: 2019-02-25 17:09:07
(epstopdf)                    size: 18636 bytes
(epstopdf)             Output file: <figures/betaTriggered/betaStimOscopeTest-e
ps-converted-to.pdf>
(epstopdf)                    date: 2019-02-25 18:08:03
(epstopdf)                    size: 9586 bytes
(epstopdf)             Command: <epstopdf --outfile=figures/betaTriggered/betaS
timOscopeTest-eps-converted-to.pdf figures/betaTriggered/betaStimOscopeTest.eps
>
(epstopdf)             \includegraphics on input line 432.
Package epstopdf Info: Output file is already uptodate.


pdfTeX warning: pdflatex.exe (file ./figures/betaTriggered/betaStimOscopeTest-e
ps-converted-to.pdf): PDF inclusion: found PDF version <1.7>, but at most versi
on <1.5> allowed
<figures/betaTriggered/betaStimOscopeTest-eps-converted-to.pdf, id=708, 583.178
76pt x 488.82625pt>
File: figures/betaTriggered/betaStimOscopeTest-eps-converted-to.pdf Graphic fil
e (type pdf)
<use figures/betaTriggered/betaStimOscopeTest-eps-converted-to.pdf>
Package pdftex.def Info: figures/betaTriggered/betaStimOscopeTest-eps-converted
-to.pdf  used on input line 432.
(pdftex.def)             Requested size: 470.295pt x 394.21663pt.
Package epstopdf Info: Source file: <figures/betaTriggered/beta_filt1.eps>
(epstopdf)                    date: 2019-02-25 19:12:57
(epstopdf)                    size: 200465 bytes
(epstopdf)             Output file: <figures/betaTriggered/beta_filt1-eps-conve
rted-to.pdf>
(epstopdf)                    date: 2019-02-25 21:21:52
(epstopdf)                    size: 73469 bytes
(epstopdf)             Command: <epstopdf --outfile=figures/betaTriggered/beta_
filt1-eps-converted-to.pdf figures/betaTriggered/beta_filt1.eps>
(epstopdf)             \includegraphics on input line 440.
Package epstopdf Info: Output file is already uptodate.


pdfTeX warning: pdflatex.exe (file ./figures/betaTriggered/beta_filt1-eps-conve
rted-to.pdf): PDF inclusion: found PDF version <1.7>, but at most version <1.5>
 allowed
<figures/betaTriggered/beta_filt1-eps-converted-to.pdf, id=709, 581.17125pt x 2
21.82875pt>
File: figures/betaTriggered/beta_filt1-eps-converted-to.pdf Graphic file (type 
pdf)
<use figures/betaTriggered/beta_filt1-eps-converted-to.pdf>
Package pdftex.def Info: figures/betaTriggered/beta_filt1-eps-converted-to.pdf 
 used on input line 440.
(pdftex.def)             Requested size: 470.295pt x 179.51105pt.
Package epstopdf Info: Source file: <figures/betaTriggered/betaStimBrainsAppend
ix.eps>
(epstopdf)                    date: 2019-02-25 18:46:41
(epstopdf)                    size: 532348 bytes
(epstopdf)             Output file: <figures/betaTriggered/betaStimBrainsAppend
ix-eps-converted-to.pdf>
(epstopdf)                    date: 2019-02-25 21:22:45
(epstopdf)                    size: 128766 bytes
(epstopdf)             Command: <epstopdf --outfile=figures/betaTriggered/betaS
timBrainsAppendix-eps-converted-to.pdf figures/betaTriggered/betaStimBrainsAppe
ndix.eps>
(epstopdf)             \includegraphics on input line 448.
Package epstopdf Info: Output file is already uptodate.


pdfTeX warning: pdflatex.exe (file ./figures/betaTriggered/betaStimBrainsAppend
ix-eps-converted-to.pdf): PDF inclusion: found PDF version <1.7>, but at most v
ersion <1.5> allowed
<figures/betaTriggered/betaStimBrainsAppendix-eps-converted-to.pdf, id=710, 218
0.145pt x 519.9425pt>
File: figures/betaTriggered/betaStimBrainsAppendix-eps-converted-to.pdf Graphic
 file (type pdf)
<use figures/betaTriggered/betaStimBrainsAppendix-eps-converted-to.pdf>
Package pdftex.def Info: figures/betaTriggered/betaStimBrainsAppendix-eps-conve
rted-to.pdf  used on input line 448.
(pdftex.def)             Requested size: 470.295pt x 112.15834pt.
[129] [130]) [131] [132 <./figures/betaTriggered/example_CEP_subj_7-eps-convert
ed-to.pdf>] [133 <./figures/betaTriggered/betaStimBrainsIncluded-eps-converted-
to.pdf>] [134 <./figures/betaTriggered/betaStimAcrossSubjsPhase-eps-converted-t
o.pdf>] [135 <./figures/betaTriggered/betaStimOscopeTest-eps-converted-to.pdf>]
[136 <./figures/betaTriggered/beta_filt1-eps-converted-to.pdf> <./figures/betaT
riggered/betaStimBrainsAppendix-eps-converted-to.pdf>]
\openout2 = `pairedPulse.aux'.

 (pairedPulse.tex
<<9>>

Underfull \vbox (badness 10000) has occurred while \output is active []

 [137



]
[138]
Package epstopdf Info: Source file: <figures/pairedPulse/pairPulseScreening.eps
>
(epstopdf)                    date: 2019-02-26 16:19:23
(epstopdf)                    size: 738790 bytes
(epstopdf)             Output file: <figures/pairedPulse/pairPulseScreening-eps
-converted-to.pdf>
(epstopdf)                    date: 2019-02-26 16:41:40
(epstopdf)                    size: 90172 bytes
(epstopdf)             Command: <epstopdf --outfile=figures/pairedPulse/pairPul
seScreening-eps-converted-to.pdf figures/pairedPulse/pairPulseScreening.eps>
(epstopdf)             \includegraphics on input line 28.
Package epstopdf Info: Output file is already uptodate.


pdfTeX warning: pdflatex.exe (file ./figures/pairedPulse/pairPulseScreening-eps
-converted-to.pdf): PDF inclusion: found PDF version <1.7>, but at most version
 <1.5> allowed
<figures/pairedPulse/pairPulseScreening-eps-converted-to.pdf, id=816, 607.26875
pt x 456.70625pt>
File: figures/pairedPulse/pairPulseScreening-eps-converted-to.pdf Graphic file 
(type pdf)
<use figures/pairedPulse/pairPulseScreening-eps-converted-to.pdf>
Package pdftex.def Info: figures/pairedPulse/pairPulseScreening-eps-converted-t
o.pdf  used on input line 28.
(pdftex.def)             Requested size: 376.23743pt x 282.95981pt.

Underfull \vbox (badness 4266) has occurred while \output is active []

 [139 <./figures/pairedPulse/pairPulseScreening-eps-converted-to.pdf>]
Package epstopdf Info: Source file: <figures/pairedPulse/pairPulseConditioning.
eps>
(epstopdf)                    date: 2019-02-26 16:47:52
(epstopdf)                    size: 3650199 bytes
(epstopdf)             Output file: <figures/pairedPulse/pairPulseConditioning-
eps-converted-to.pdf>
(epstopdf)                    date: 2019-02-26 16:48:43
(epstopdf)                    size: 330110 bytes
(epstopdf)             Command: <epstopdf --outfile=figures/pairedPulse/pairPul
seConditioning-eps-converted-to.pdf figures/pairedPulse/pairPulseConditioning.e
ps>
(epstopdf)             \includegraphics on input line 38.
Package epstopdf Info: Output file is already uptodate.


pdfTeX warning: pdflatex.exe (file ./figures/pairedPulse/pairPulseConditioning-
eps-converted-to.pdf): PDF inclusion: found PDF version <1.7>, but at most vers
ion <1.5> allowed
<figures/pairedPulse/pairPulseConditioning-eps-converted-to.pdf, id=834, 573.14
125pt x 540.0175pt>
File: figures/pairedPulse/pairPulseConditioning-eps-converted-to.pdf Graphic fi
le (type pdf)
<use figures/pairedPulse/pairPulseConditioning-eps-converted-to.pdf>
Package pdftex.def Info: figures/pairedPulse/pairPulseConditioning-eps-converte
d-to.pdf  used on input line 38.
(pdftex.def)             Requested size: 376.23743pt x 354.50096pt.

Underfull \vbox (badness 5939) has occurred while \output is active []

 [140 <./figures/pairedPulse/pairPulseConditioning-eps-converted-to.pdf>]
Overfull \hbox (4.13896pt too wide) in paragraph at lines 61--68
\OT1/cmr/m/n/12 ob-serve the greater den-sity of in-tra-op-er-a-tively mea-sure
d re-sponses in pre-mo-tor/motor/sensory
 []


Underfull \vbox (badness 10000) has occurred while \output is active []

 [141])
[142]
\openout2 = `additionalPubs.aux'.

 (additionalPubs.tex
<<10>>
) [143



]
\openout2 = `conclusion.aux'.

 (conclusion.tex
<<11>>
) [144



] (master_file.bbl [145


] [146] [147] [148] [149] [150] [151] [152]
[153] [154] [155]
Underfull \hbox (badness 1210) in paragraph at lines 730--736
\OT1/cmr/m/n/12 Nobuhiro Mikuni, William Binga-man, Susumu Miyamoto, Hi-de-nao 
Fukuyama,
 []

[156] [157] [158] [159] [160] [161] [162] [163] [164]) [165] (master_file.aux
(prelim.aux) (introduction.aux) (generalMethods.aux)
(macroscopicResistivity.aux) (artifactRejection.aux) (responseTimingChap.aux)
(neuralDynamics.aux) (concurrentStim.aux) (betaStimChap.aux) (pairedPulse.aux)
(additionalPubs.aux) (conclusion.aux))

LaTeX Warning: There were undefined references.

 ) 
Here is how much of TeX's memory you used:
 3825 strings out of 492970
 61712 string characters out of 3126594
 154295 words of memory out of 3000000
 7467 multiletter control sequences out of 15000+200000
 11680 words of font info for 44 fonts, out of 3000000 for 9000
 1141 hyphenation exceptions out of 8191
 42i,11n,25p,2511b,282s stack positions out of 5000i,500n,10000p,200000b,50000s
<C:/Users/david/AppData/Local/Programs/MiKTeX 2.9/fonts/type1/public/amsfonts
/cm/cmbx12.pfb><C:/Users/david/AppData/Local/Programs/MiKTeX 2.9/fonts/type1/pu
blic/amsfonts/cm/cmbx6.pfb><C:/Users/david/AppData/Local/Programs/MiKTeX 2.9/fo
nts/type1/public/amsfonts/cm/cmbxsl10.pfb><C:/Users/david/AppData/Local/Program
s/MiKTeX 2.9/fonts/type1/public/amsfonts/cm/cmex10.pfb><C:/Users/david/AppData/
Local/Programs/MiKTeX 2.9/fonts/type1/public/amsfonts/cm/cmmi12.pfb><C:/Users/d
avid/AppData/Local/Programs/MiKTeX 2.9/fonts/type1/public/amsfonts/cm/cmmi6.pfb
><C:/Users/david/AppData/Local/Programs/MiKTeX 2.9/fonts/type1/public/amsfonts/
cm/cmmi8.pfb><C:/Users/david/AppData/Local/Programs/MiKTeX 2.9/fonts/type1/publ
ic/amsfonts/cm/cmr10.pfb><C:/Users/david/AppData/Local/Programs/MiKTeX 2.9/font
s/type1/public/amsfonts/cm/cmr12.pfb><C:/Users/david/AppData/Local/Programs/MiK
TeX 2.9/fonts/type1/public/amsfonts/cm/cmr17.pfb><C:/Users/david/AppData/Local/
Programs/MiKTeX 2.9/fonts/type1/public/amsfonts/cm/cmr6.pfb><C:/Users/david/App
Data/Local/Programs/MiKTeX 2.9/fonts/type1/public/amsfonts/cm/cmr8.pfb><C:/User
s/david/AppData/Local/Programs/MiKTeX 2.9/fonts/type1/public/amsfonts/cm/cmsy10
.pfb><C:/Users/david/AppData/Local/Programs/MiKTeX 2.9/fonts/type1/public/amsfo
nts/cm/cmsy6.pfb><C:/Users/david/AppData/Local/Programs/MiKTeX 2.9/fonts/type1/
public/amsfonts/cm/cmsy8.pfb><C:/Users/david/AppData/Local/Programs/MiKTeX 2.9/
fonts/type1/public/amsfonts/cm/cmti12.pfb><C:/Users/david/AppData/Local/Program
s/MiKTeX 2.9/fonts/type1/public/amsfonts/cm/cmtt12.pfb>
Output written on master_file.pdf (180 pages, 30007611 bytes).
PDF statistics:
 986 PDF objects out of 1000 (max. 8388607)
 0 named destinations out of 1000 (max. 500000)
 196 words of extra memory for PDF output out of 10000 (max. 10000000)

