\BOOKMARK [0][-]{chapter*.2}{List of Figures}{}% 1
\BOOKMARK [0][-]{chapter*.3}{List of Tables}{}% 2
\BOOKMARK [0][-]{chapter*.4}{Glossary}{}% 3
\BOOKMARK [0][-]{chapter.1}{Introduction}{}% 4
\BOOKMARK [1][-]{section.1.1}{Clinical Need}{chapter.1}% 5
\BOOKMARK [1][-]{section.1.2}{Thesis Plan}{chapter.1}% 6
\BOOKMARK [1][-]{section.1.3}{Hypothesis}{chapter.1}% 7
\BOOKMARK [0][-]{chapter.2}{General methods and background used throughout the dissertation}{}% 8
\BOOKMARK [1][-]{section.2.1}{Cortical Reconstructions}{chapter.2}% 9
\BOOKMARK [1][-]{section.2.2}{Data Acquisition and stimulation}{chapter.2}% 10
\BOOKMARK [1][-]{section.2.3}{Determination of sensory cortex}{chapter.2}% 11
\BOOKMARK [1][-]{section.2.4}{Haptic Stimulation}{chapter.2}% 12
\BOOKMARK [0][-]{chapter.3}{Aim 1.1: An analytic model to fit experimentally measured stimulation voltages}{}% 13
\BOOKMARK [1][-]{section.3.1}{Introduction}{chapter.3}% 14
\BOOKMARK [1][-]{section.3.2}{Methods}{chapter.3}% 15
\BOOKMARK [0][-]{chapter.4}{Aim 1.2: Algorithms to process neural data in context of ongoing stimulation}{}% 16
\BOOKMARK [1][-]{section.4.1}{Introduction}{chapter.4}% 17
\BOOKMARK [0][-]{chapter.5}{Aim 2.1: Cortical stimulation results in slower reaction times compared to peripheral touch in humans}{}% 18
\BOOKMARK [1][-]{section.5.1}{Introduction}{chapter.5}% 19
\BOOKMARK [1][-]{section.5.2}{Methods}{chapter.5}% 20
\BOOKMARK [1][-]{section.5.3}{Results}{chapter.5}% 21
\BOOKMARK [1][-]{section.5.4}{Discussion}{chapter.5}% 22
\BOOKMARK [0][-]{chapter.6}{Aim 2.2: Neural processing of DCS in somatosensory cortex}{}% 23
\BOOKMARK [1][-]{section.6.1}{Introduction}{chapter.6}% 24
\BOOKMARK [0][-]{chapter.7}{Aim 2.3: Cortical dynamics of concurrent stimulation and haptic touch}{}% 25
\BOOKMARK [1][-]{section.7.1}{Introduction}{chapter.7}% 26
\BOOKMARK [0][-]{chapter.8}{Aim 3.1: Dose Dependent Enhancement of Cortico-Cortical Evoked Potentials During Beta-Oscillation Triggered Direct Electrical Stimulation of Human Cortex}{}% 27
\BOOKMARK [1][-]{section.8.1}{Introduction}{chapter.8}% 28
\BOOKMARK [0][-]{chapter.9}{Aim 3.2: Cortical dynamics of concurrent stimulation and haptic touch}{}% 29
\BOOKMARK [1][-]{section.9.1}{Introduction}{chapter.9}% 30
\BOOKMARK [0][-]{chapter.10}{Aim 3.3: EMG triggered stimulation in humans}{}% 31
\BOOKMARK [1][-]{section.10.1}{Introduction}{chapter.10}% 32
\BOOKMARK [0][-]{chapter.11}{Timeline for thesis}{}% 33
\BOOKMARK [0][-]{chapter*.6}{Bibliography}{}% 34
