This is pdfTeX, Version 3.14159265-2.6-1.40.18 (MiKTeX 2.9.6600 64-bit) (preloaded format=pdflatex 2018.2.12)  16 APR 2018 15:04
entering extended mode
**./uwthesis.tex
(uwthesis.tex
LaTeX2e <2017-04-15>
Babel <3.17> and hyphenation patterns for 75 language(s) loaded.
(uwthesis.cls
Document Class: uwthesis 2015/03/03
\tf@not=\write3
("C:\Program Files\MiKTeX 2.9\tex\latex\base\book.cls"
Document Class: book 2014/09/29 v1.4h Standard LaTeX document class
("C:\Program Files\MiKTeX 2.9\tex\latex\base\bk12.clo"
File: bk12.clo 2014/09/29 v1.4h Standard LaTeX file (size option)
)
\c@part=\count79
\c@chapter=\count80
\c@section=\count81
\c@subsection=\count82
\c@subsubsection=\count83
\c@paragraph=\count84
\c@subparagraph=\count85
\c@figure=\count86
\c@table=\count87
\abovecaptionskip=\skip41
\belowcaptionskip=\skip42
\bibindent=\dimen102
)
Formatting for ProQuest
\botmargin=\dimen103
\@@wholepage=\box26
\@Chair=\count88
\@Sign=\count89
\abs@savebox=\box27
)

LaTeX Warning: You have requested, on input line 43, version
               `2016/11/22' of document class uwthesis,
               but only version
               `2015/03/03'
               is available.

("C:\Program Files\MiKTeX 2.9\tex\latex\base\alltt.sty"
Package: alltt 1997/06/16 v2.0g defines alltt environment
) (uwthesis.aux)
\openout1 = `uwthesis.aux'.

LaTeX Font Info:    Checking defaults for OML/cmm/m/it on input line 77.
LaTeX Font Info:    ... okay on input line 77.
LaTeX Font Info:    Checking defaults for T1/cmr/m/n on input line 77.
LaTeX Font Info:    ... okay on input line 77.
LaTeX Font Info:    Checking defaults for OT1/cmr/m/n on input line 77.
LaTeX Font Info:    ... okay on input line 77.
LaTeX Font Info:    Checking defaults for OMS/cmsy/m/n on input line 77.
LaTeX Font Info:    ... okay on input line 77.
LaTeX Font Info:    Checking defaults for OMX/cmex/m/n on input line 77.
LaTeX Font Info:    ... okay on input line 77.
LaTeX Font Info:    Checking defaults for U/cmr/m/n on input line 77.
LaTeX Font Info:    ... okay on input line 77.
LaTeX Font Info:    Try loading font information for OMS+cmr on input line 101.


("C:\Program Files\MiKTeX 2.9\tex\latex\base\omscmr.fd"
File: omscmr.fd 2014/09/29 v2.5h Standard LaTeX font definitions
)
LaTeX Font Info:    Font shape `OMS/cmr/m/n' in size <12> not available
(Font)              Font shape `OMS/cmsy/m/n' tried instead on input line 101.
 [1

{C:/Users/djcald.CSENETID/AppData/Local/MiKTeX/2.9/pdftex/config/pdftex.map}]
LaTeX Font Info:    External font `cmex10' loaded for size
(Font)              <17.28> on input line 103.
LaTeX Font Info:    External font `cmex10' loaded for size
(Font)              <12> on input line 103.
 [-1

]
LaTeX Font Info:    External font `cmex10' loaded for size
(Font)              <8> on input line 134.
LaTeX Font Info:    External font `cmex10' loaded for size
(Font)              <6> on input line 134.
LaTeX Font Info:    External font `cmex10' loaded for size
(Font)              <7> on input line 134.
LaTeX Font Info:    External font `cmex10' loaded for size
(Font)              <5> on input line 134.
 [0

]
(uwthesis.toc)
\tf@toc=\write4
\openout4 = `uwthesis.toc'.

 [1



] (uwthesis.lof)
\tf@lof=\write5
\openout5 = `uwthesis.lof'.

 [2

] [3

] [4] [5

] [6

]
<<1>>
[1



] [2]
<<2>>
[3

]
Overfull \hbox (10.33536pt too wide) in paragraph at lines 353--355
[]\OT1/cmr/m/n/12 Although un-nec-es-sary for the-sis writ-ers, the \OT1/cmr/m/
sl/12 T[]Xbook \OT1/cmr/m/n/12 is the pri-mary ref-er-ence for T[]Xsperts
 []

[4] [5]
<<3>>

Overfull \hbox (5.6383pt too wide) in paragraph at lines 509--513
[]\OT1/cmr/m/n/12 Include most ad-di-tional for-mat-ting pack-ages with [][]\OT
1/cmtt/m/n/12 \usepackage[]\OT1/cmr/m/n/12 , as de-scribe by Lamport[[]].
 []

[6

] [7] [8] [9] [10] [11] [12]
Overfull \hbox (5.18024pt too wide) in paragraph at lines 769--769
 []\OT1/cmtt/m/n/12 \acknowledgments{The author wishes . . . {\it il miglior fa
bbro}.\par}}[] 
 []

[13]
<<4>>
LaTeX Font Info:    External font `cmex10' loaded for size
(Font)              <14.4> on input line 803.
(uwthesis.bbl [14

]) [15

]
<<A>>
[16

] [17

] (uwthesis.aux) ) 
Here is how much of TeX's memory you used:
 480 strings out of 493303
 5518 string characters out of 3138826
 61626 words of memory out of 3000000
 4081 multiletter control sequences out of 15000+200000
 12224 words of font info for 42 fonts, out of 3000000 for 9000
 1141 hyphenation exceptions out of 8191
 27i,9n,21p,232b,271s stack positions out of 5000i,500n,10000p,200000b,50000s
<C:/Program Files/MiKTeX 2.9/fonts/type1/public/amsfonts/cm/c
mbx10.pfb><C:/Program Files/MiKTeX 2.9/fonts/type1/public/amsfonts/cm/cmbx12.pf
b><C:/Program Files/MiKTeX 2.9/fonts/type1/public/amsfonts/cm/cmbxsl10.pfb><C:/
Program Files/MiKTeX 2.9/fonts/type1/public/amsfonts/cm/cmex10.pfb><C:/Program 
Files/MiKTeX 2.9/fonts/type1/public/amsfonts/cm/cmitt10.pfb><C:/Program Files/M
iKTeX 2.9/fonts/type1/public/amsfonts/cm/cmmi10.pfb><C:/Program Files/MiKTeX 2.
9/fonts/type1/public/amsfonts/cm/cmmi12.pfb><C:/Program Files/MiKTeX 2.9/fonts/
type1/public/amsfonts/cm/cmmi7.pfb><C:/Program Files/MiKTeX 2.9/fonts/type1/pub
lic/amsfonts/cm/cmr10.pfb><C:/Program Files/MiKTeX 2.9/fonts/type1/public/amsfo
nts/cm/cmr12.pfb><C:/Program Files/MiKTeX 2.9/fonts/type1/public/amsfonts/cm/cm
r17.pfb><C:/Program Files/MiKTeX 2.9/fonts/type1/public/amsfonts/cm/cmr7.pfb><C
:/Program Files/MiKTeX 2.9/fonts/type1/public/amsfonts/cm/cmr8.pfb><C:/Program 
Files/MiKTeX 2.9/fonts/type1/public/amsfonts/cm/cmsl12.pfb><C:/Program Files/Mi
KTeX 2.9/fonts/type1/public/amsfonts/cm/cmsl8.pfb><C:/Program Files/MiKTeX 2.9/
fonts/type1/public/amsfonts/cm/cmss12.pfb><C:/Program Files/MiKTeX 2.9/fonts/ty
pe1/public/amsfonts/cm/cmsy10.pfb><C:/Program Files/MiKTeX 2.9/fonts/type1/publ
ic/amsfonts/cm/cmsy7.pfb><C:/Program Files/MiKTeX 2.9/fonts/type1/public/amsfon
ts/cm/cmti10.pfb><C:/Program Files/MiKTeX 2.9/fonts/type1/public/amsfonts/cm/cm
ti12.pfb><C:/Program Files/MiKTeX 2.9/fonts/type1/public/amsfonts/cm/cmti8.pfb>
<C:/Program Files/MiKTeX 2.9/fonts/type1/public/amsfonts/cm/cmtt12.pfb>
Output written on uwthesis.pdf (26 pages, 287566 bytes).
PDF statistics:
 174 PDF objects out of 1000 (max. 8388607)
 0 named destinations out of 1000 (max. 500000)
 1 words of extra memory for PDF output out of 10000 (max. 10000000)

